This file contains any messages produced by compilers while
running configure, to aid debugging if configure makes a mistake.

It was created by libX11 configure 1.6.2, which was
generated by GNU Autoconf 2.68.  Invocation command line was

  $ ./configure --host=x86_64-pc-linux-gnu --disable-dependency-tracking --prefix=/e4coin/e4coin-0.3.1.0/depends/x86_64-pc-linux-gnu --disable-xkb --disable-static --with-pic CC=gcc -m64 CXX=g++ -m64 NM=nm RANLIB=ranlib AR=ar CFLAGS=-pipe -O2     CXXFLAGS=-pipe -static-libstdc++ -O2     CPPFLAGS=-I/e4coin/e4coin-0.3.1.0/depends/x86_64-pc-linux-gnu/include     LDFLAGS=-L/e4coin/e4coin-0.3.1.0/depends/x86_64-pc-linux-gnu/lib    

## --------- ##
## Platform. ##
## --------- ##

hostname = f8ff1d88761a
uname -m = x86_64
uname -r = 4.9.125-linuxkit
uname -s = Linux
uname -v = #1 SMP Fri Sep 7 08:20:28 UTC 2018

/usr/bin/uname -p = unknown
/bin/uname -X     = unknown

/bin/arch              = unknown
/usr/bin/arch -k       = unknown
/usr/convex/getsysinfo = unknown
/usr/bin/hostinfo      = unknown
/bin/machine           = unknown
/usr/bin/oslevel       = unknown
/bin/universe          = unknown

PATH: /e4coin/e4coin-0.3.1.0/depends/x86_64-pc-linux-gnu/native/bin
PATH: /usr/local/sbin
PATH: /usr/local/bin
PATH: /usr/sbin
PATH: /usr/bin
PATH: /sbin
PATH: /bin


## ----------- ##
## Core tests. ##
## ----------- ##

configure:2635: checking build system type
configure:2649: result: x86_64-unknown-linux-gnu
configure:2669: checking host system type
configure:2682: result: x86_64-pc-linux-gnu
configure:2716: checking for x86_64-pc-linux-gnu-gcc
configure:2743: result: gcc -m64
configure:3012: checking for C compiler version
configure:3021: gcc -m64 --version >&5
gcc (Ubuntu 5.4.0-6ubuntu1~16.04.11) 5.4.0 20160609
Copyright (C) 2015 Free Software Foundation, Inc.
This is free software; see the source for copying conditions.  There is NO
warranty; not even for MERCHANTABILITY or FITNESS FOR A PARTICULAR PURPOSE.

configure:3032: $? = 0
configure:3021: gcc -m64 -v >&5
Using built-in specs.
COLLECT_GCC=gcc
COLLECT_LTO_WRAPPER=/usr/lib/gcc/x86_64-linux-gnu/5/lto-wrapper
Target: x86_64-linux-gnu
Configured with: ../src/configure -v --with-pkgversion='Ubuntu 5.4.0-6ubuntu1~16.04.11' --with-bugurl=file:///usr/share/doc/gcc-5/README.Bugs --enable-languages=c,ada,c++,java,go,d,fortran,objc,obj-c++ --prefix=/usr --program-suffix=-5 --enable-shared --enable-linker-build-id --libexecdir=/usr/lib --without-included-gettext --enable-threads=posix --libdir=/usr/lib --enable-nls --with-sysroot=/ --enable-clocale=gnu --enable-libstdcxx-debug --enable-libstdcxx-time=yes --with-default-libstdcxx-abi=new --enable-gnu-unique-object --disable-vtable-verify --enable-libmpx --enable-plugin --with-system-zlib --disable-browser-plugin --enable-java-awt=gtk --enable-gtk-cairo --with-java-home=/usr/lib/jvm/java-1.5.0-gcj-5-amd64/jre --enable-java-home --with-jvm-root-dir=/usr/lib/jvm/java-1.5.0-gcj-5-amd64 --with-jvm-jar-dir=/usr/lib/jvm-exports/java-1.5.0-gcj-5-amd64 --with-arch-directory=amd64 --with-ecj-jar=/usr/share/java/eclipse-ecj.jar --enable-objc-gc --enable-multiarch --disable-werror --with-arch-32=i686 --with-abi=m64 --with-multilib-list=m32,m64,mx32 --enable-multilib --with-tune=generic --enable-checking=release --build=x86_64-linux-gnu --host=x86_64-linux-gnu --target=x86_64-linux-gnu
Thread model: posix
gcc version 5.4.0 20160609 (Ubuntu 5.4.0-6ubuntu1~16.04.11) 
configure:3032: $? = 0
configure:3021: gcc -m64 -V >&5
gcc: error: unrecognized command line option '-V'
gcc: fatal error: no input files
compilation terminated.
configure:3032: $? = 1
configure:3021: gcc -m64 -qversion >&5
gcc: error: unrecognized command line option '-qversion'
gcc: fatal error: no input files
compilation terminated.
configure:3032: $? = 1
configure:3052: checking whether the C compiler works
configure:3074: gcc -m64 -pipe -O2     -I/e4coin/e4coin-0.3.1.0/depends/x86_64-pc-linux-gnu/include     -L/e4coin/e4coin-0.3.1.0/depends/x86_64-pc-linux-gnu/lib     conftest.c  >&5
configure:3078: $? = 0
configure:3126: result: yes
configure:3129: checking for C compiler default output file name
configure:3131: result: a.out
configure:3137: checking for suffix of executables
configure:3144: gcc -m64 -o conftest -pipe -O2     -I/e4coin/e4coin-0.3.1.0/depends/x86_64-pc-linux-gnu/include     -L/e4coin/e4coin-0.3.1.0/depends/x86_64-pc-linux-gnu/lib     conftest.c  >&5
configure:3148: $? = 0
configure:3170: result: 
configure:3192: checking whether we are cross compiling
configure:3200: gcc -m64 -o conftest -pipe -O2     -I/e4coin/e4coin-0.3.1.0/depends/x86_64-pc-linux-gnu/include     -L/e4coin/e4coin-0.3.1.0/depends/x86_64-pc-linux-gnu/lib     conftest.c  >&5
configure:3204: $? = 0
configure:3211: ./conftest
configure:3215: $? = 0
configure:3230: result: no
configure:3235: checking for suffix of object files
configure:3257: gcc -m64 -c -pipe -O2     -I/e4coin/e4coin-0.3.1.0/depends/x86_64-pc-linux-gnu/include     conftest.c >&5
configure:3261: $? = 0
configure:3282: result: o
configure:3286: checking whether we are using the GNU C compiler
configure:3305: gcc -m64 -c -pipe -O2     -I/e4coin/e4coin-0.3.1.0/depends/x86_64-pc-linux-gnu/include     conftest.c >&5
configure:3305: $? = 0
configure:3314: result: yes
configure:3323: checking whether gcc -m64 accepts -g
configure:3343: gcc -m64 -c -g -I/e4coin/e4coin-0.3.1.0/depends/x86_64-pc-linux-gnu/include     conftest.c >&5
configure:3343: $? = 0
configure:3384: result: yes
configure:3401: checking for gcc -m64 option to accept ISO C89
configure:3465: gcc -m64  -c -pipe -O2     -I/e4coin/e4coin-0.3.1.0/depends/x86_64-pc-linux-gnu/include     conftest.c >&5
configure:3465: $? = 0
configure:3478: result: none needed
configure:3503: checking whether gcc -m64 understands -c and -o together
configure:3525: gcc -m64 -c conftest.c -o conftest2.o
configure:3528: $? = 0
configure:3525: gcc -m64 -c conftest.c -o conftest2.o
configure:3528: $? = 0
configure:3540: result: yes
configure:3563: checking how to run the C preprocessor
configure:3594: gcc -m64 -E -I/e4coin/e4coin-0.3.1.0/depends/x86_64-pc-linux-gnu/include     conftest.c
configure:3594: $? = 0
configure:3608: gcc -m64 -E -I/e4coin/e4coin-0.3.1.0/depends/x86_64-pc-linux-gnu/include     conftest.c
conftest.c:9:28: fatal error: ac_nonexistent.h: No such file or directory
compilation terminated.
configure:3608: $? = 1
configure: failed program was:
| /* confdefs.h */
| #define PACKAGE_NAME "libX11"
| #define PACKAGE_TARNAME "libX11"
| #define PACKAGE_VERSION "1.6.2"
| #define PACKAGE_STRING "libX11 1.6.2"
| #define PACKAGE_BUGREPORT "https://bugs.freedesktop.org/enter_bug.cgi?product=xorg"
| #define PACKAGE_URL ""
| /* end confdefs.h.  */
| #include <ac_nonexistent.h>
configure:3633: result: gcc -m64 -E
configure:3653: gcc -m64 -E -I/e4coin/e4coin-0.3.1.0/depends/x86_64-pc-linux-gnu/include     conftest.c
configure:3653: $? = 0
configure:3667: gcc -m64 -E -I/e4coin/e4coin-0.3.1.0/depends/x86_64-pc-linux-gnu/include     conftest.c
conftest.c:9:28: fatal error: ac_nonexistent.h: No such file or directory
compilation terminated.
configure:3667: $? = 1
configure: failed program was:
| /* confdefs.h */
| #define PACKAGE_NAME "libX11"
| #define PACKAGE_TARNAME "libX11"
| #define PACKAGE_VERSION "1.6.2"
| #define PACKAGE_STRING "libX11 1.6.2"
| #define PACKAGE_BUGREPORT "https://bugs.freedesktop.org/enter_bug.cgi?product=xorg"
| #define PACKAGE_URL ""
| /* end confdefs.h.  */
| #include <ac_nonexistent.h>
configure:3696: checking for grep that handles long lines and -e
configure:3754: result: /bin/grep
configure:3759: checking for egrep
configure:3821: result: /bin/grep -E
configure:3826: checking for ANSI C header files
configure:3846: gcc -m64 -c -pipe -O2     -I/e4coin/e4coin-0.3.1.0/depends/x86_64-pc-linux-gnu/include     conftest.c >&5
configure:3846: $? = 0
configure:3919: gcc -m64 -o conftest -pipe -O2     -I/e4coin/e4coin-0.3.1.0/depends/x86_64-pc-linux-gnu/include     -L/e4coin/e4coin-0.3.1.0/depends/x86_64-pc-linux-gnu/lib     conftest.c  >&5
configure:3919: $? = 0
configure:3919: ./conftest
configure:3919: $? = 0
configure:3930: result: yes
configure:3943: checking for sys/types.h
configure:3943: gcc -m64 -c -pipe -O2     -I/e4coin/e4coin-0.3.1.0/depends/x86_64-pc-linux-gnu/include     conftest.c >&5
configure:3943: $? = 0
configure:3943: result: yes
configure:3943: checking for sys/stat.h
configure:3943: gcc -m64 -c -pipe -O2     -I/e4coin/e4coin-0.3.1.0/depends/x86_64-pc-linux-gnu/include     conftest.c >&5
configure:3943: $? = 0
configure:3943: result: yes
configure:3943: checking for stdlib.h
configure:3943: gcc -m64 -c -pipe -O2     -I/e4coin/e4coin-0.3.1.0/depends/x86_64-pc-linux-gnu/include     conftest.c >&5
configure:3943: $? = 0
configure:3943: result: yes
configure:3943: checking for string.h
configure:3943: gcc -m64 -c -pipe -O2     -I/e4coin/e4coin-0.3.1.0/depends/x86_64-pc-linux-gnu/include     conftest.c >&5
configure:3943: $? = 0
configure:3943: result: yes
configure:3943: checking for memory.h
configure:3943: gcc -m64 -c -pipe -O2     -I/e4coin/e4coin-0.3.1.0/depends/x86_64-pc-linux-gnu/include     conftest.c >&5
configure:3943: $? = 0
configure:3943: result: yes
configure:3943: checking for strings.h
configure:3943: gcc -m64 -c -pipe -O2     -I/e4coin/e4coin-0.3.1.0/depends/x86_64-pc-linux-gnu/include     conftest.c >&5
configure:3943: $? = 0
configure:3943: result: yes
configure:3943: checking for inttypes.h
configure:3943: gcc -m64 -c -pipe -O2     -I/e4coin/e4coin-0.3.1.0/depends/x86_64-pc-linux-gnu/include     conftest.c >&5
configure:3943: $? = 0
configure:3943: result: yes
configure:3943: checking for stdint.h
configure:3943: gcc -m64 -c -pipe -O2     -I/e4coin/e4coin-0.3.1.0/depends/x86_64-pc-linux-gnu/include     conftest.c >&5
configure:3943: $? = 0
configure:3943: result: yes
configure:3943: checking for unistd.h
configure:3943: gcc -m64 -c -pipe -O2     -I/e4coin/e4coin-0.3.1.0/depends/x86_64-pc-linux-gnu/include     conftest.c >&5
configure:3943: $? = 0
configure:3943: result: yes
configure:3956: checking minix/config.h usability
configure:3956: gcc -m64 -c -pipe -O2     -I/e4coin/e4coin-0.3.1.0/depends/x86_64-pc-linux-gnu/include     conftest.c >&5
conftest.c:52:26: fatal error: minix/config.h: No such file or directory
compilation terminated.
configure:3956: $? = 1
configure: failed program was:
| /* confdefs.h */
| #define PACKAGE_NAME "libX11"
| #define PACKAGE_TARNAME "libX11"
| #define PACKAGE_VERSION "1.6.2"
| #define PACKAGE_STRING "libX11 1.6.2"
| #define PACKAGE_BUGREPORT "https://bugs.freedesktop.org/enter_bug.cgi?product=xorg"
| #define PACKAGE_URL ""
| #define STDC_HEADERS 1
| #define HAVE_SYS_TYPES_H 1
| #define HAVE_SYS_STAT_H 1
| #define HAVE_STDLIB_H 1
| #define HAVE_STRING_H 1
| #define HAVE_MEMORY_H 1
| #define HAVE_STRINGS_H 1
| #define HAVE_INTTYPES_H 1
| #define HAVE_STDINT_H 1
| #define HAVE_UNISTD_H 1
| /* end confdefs.h.  */
| #include <stdio.h>
| #ifdef HAVE_SYS_TYPES_H
| # include <sys/types.h>
| #endif
| #ifdef HAVE_SYS_STAT_H
| # include <sys/stat.h>
| #endif
| #ifdef STDC_HEADERS
| # include <stdlib.h>
| # include <stddef.h>
| #else
| # ifdef HAVE_STDLIB_H
| #  include <stdlib.h>
| # endif
| #endif
| #ifdef HAVE_STRING_H
| # if !defined STDC_HEADERS && defined HAVE_MEMORY_H
| #  include <memory.h>
| # endif
| # include <string.h>
| #endif
| #ifdef HAVE_STRINGS_H
| # include <strings.h>
| #endif
| #ifdef HAVE_INTTYPES_H
| # include <inttypes.h>
| #endif
| #ifdef HAVE_STDINT_H
| # include <stdint.h>
| #endif
| #ifdef HAVE_UNISTD_H
| # include <unistd.h>
| #endif
| #include <minix/config.h>
configure:3956: result: no
configure:3956: checking minix/config.h presence
configure:3956: gcc -m64 -E -I/e4coin/e4coin-0.3.1.0/depends/x86_64-pc-linux-gnu/include     conftest.c
conftest.c:19:26: fatal error: minix/config.h: No such file or directory
compilation terminated.
configure:3956: $? = 1
configure: failed program was:
| /* confdefs.h */
| #define PACKAGE_NAME "libX11"
| #define PACKAGE_TARNAME "libX11"
| #define PACKAGE_VERSION "1.6.2"
| #define PACKAGE_STRING "libX11 1.6.2"
| #define PACKAGE_BUGREPORT "https://bugs.freedesktop.org/enter_bug.cgi?product=xorg"
| #define PACKAGE_URL ""
| #define STDC_HEADERS 1
| #define HAVE_SYS_TYPES_H 1
| #define HAVE_SYS_STAT_H 1
| #define HAVE_STDLIB_H 1
| #define HAVE_STRING_H 1
| #define HAVE_MEMORY_H 1
| #define HAVE_STRINGS_H 1
| #define HAVE_INTTYPES_H 1
| #define HAVE_STDINT_H 1
| #define HAVE_UNISTD_H 1
| /* end confdefs.h.  */
| #include <minix/config.h>
configure:3956: result: no
configure:3956: checking for minix/config.h
configure:3956: result: no
configure:3977: checking whether it is safe to define __EXTENSIONS__
configure:3995: gcc -m64 -c -pipe -O2     -I/e4coin/e4coin-0.3.1.0/depends/x86_64-pc-linux-gnu/include     conftest.c >&5
configure:3995: $? = 0
configure:4002: result: yes
configure:4034: checking for a BSD-compatible install
configure:4102: result: /usr/bin/install -c
configure:4113: checking whether build environment is sane
configure:4168: result: yes
configure:4316: checking for a thread-safe mkdir -p
configure:4355: result: /bin/mkdir -p
configure:4362: checking for gawk
configure:4392: result: no
configure:4362: checking for mawk
configure:4378: found /usr/bin/mawk
configure:4389: result: mawk
configure:4400: checking whether make sets $(MAKE)
configure:4422: result: yes
configure:4452: checking for style of include used by make
configure:4480: result: GNU
configure:4514: checking whether make supports nested variables
configure:4531: result: yes
configure:4616: checking dependency style of gcc -m64
configure:4727: result: none
configure:4832: checking how to print strings
configure:4859: result: printf
configure:4880: checking for a sed that does not truncate output
configure:4944: result: /bin/sed
configure:4962: checking for fgrep
configure:5024: result: /bin/grep -F
configure:5059: checking for ld used by gcc -m64
configure:5126: result: /usr/bin/ld
configure:5133: checking if the linker (/usr/bin/ld) is GNU ld
configure:5148: result: yes
configure:5160: checking for BSD- or MS-compatible name lister (nm)
configure:5209: result: nm
configure:5339: checking the name lister (nm) interface
configure:5346: gcc -m64 -c -pipe -O2     -I/e4coin/e4coin-0.3.1.0/depends/x86_64-pc-linux-gnu/include     conftest.c >&5
configure:5349: nm "conftest.o"
configure:5352: output
0000000000000000 B some_variable
configure:5359: result: BSD nm
configure:5362: checking whether ln -s works
configure:5366: result: yes
configure:5374: checking the maximum length of command line arguments
configure:5504: result: 1572864
configure:5521: checking whether the shell understands some XSI constructs
configure:5531: result: yes
configure:5535: checking whether the shell understands "+="
configure:5541: result: yes
configure:5576: checking how to convert x86_64-unknown-linux-gnu file names to x86_64-pc-linux-gnu format
configure:5616: result: func_convert_file_noop
configure:5623: checking how to convert x86_64-unknown-linux-gnu file names to toolchain format
configure:5643: result: func_convert_file_noop
configure:5650: checking for /usr/bin/ld option to reload object files
configure:5657: result: -r
configure:5691: checking for x86_64-pc-linux-gnu-objdump
configure:5721: result: no
configure:5731: checking for objdump
configure:5747: found /usr/bin/objdump
configure:5758: result: objdump
configure:5790: checking how to recognize dependent libraries
configure:5992: result: pass_all
configure:6037: checking for x86_64-pc-linux-gnu-dlltool
configure:6067: result: no
configure:6077: checking for dlltool
configure:6107: result: no
configure:6137: checking how to associate runtime and link libraries
configure:6164: result: printf %s\n
configure:6180: checking for x86_64-pc-linux-gnu-ar
configure:6207: result: ar
configure:6288: checking for archiver @FILE support
configure:6305: gcc -m64 -c -pipe -O2     -I/e4coin/e4coin-0.3.1.0/depends/x86_64-pc-linux-gnu/include     conftest.c >&5
configure:6305: $? = 0
configure:6308: ar cru libconftest.a @conftest.lst >&5
ar: `u' modifier ignored since `D' is the default (see `U')
configure:6311: $? = 0
configure:6316: ar cru libconftest.a @conftest.lst >&5
ar: `u' modifier ignored since `D' is the default (see `U')
ar: conftest.o: No such file or directory
configure:6319: $? = 1
configure:6331: result: @
configure:6349: checking for x86_64-pc-linux-gnu-strip
configure:6379: result: no
configure:6389: checking for strip
configure:6405: found /usr/bin/strip
configure:6416: result: strip
configure:6448: checking for x86_64-pc-linux-gnu-ranlib
configure:6475: result: ranlib
configure:6617: checking command to parse nm output from gcc -m64 object
configure:6737: gcc -m64 -c -pipe -O2     -I/e4coin/e4coin-0.3.1.0/depends/x86_64-pc-linux-gnu/include     conftest.c >&5
configure:6740: $? = 0
configure:6744: nm conftest.o \| sed -n -e 's/^.*[ ]\([ABCDGIRSTW][ABCDGIRSTW]*\)[ ][ ]*\([_A-Za-z][_A-Za-z0-9]*\)$/\1 \2 \2/p' | sed '/ __gnu_lto/d' \> conftest.nm
configure:6747: $? = 0
configure:6813: gcc -m64 -o conftest -pipe -O2     -I/e4coin/e4coin-0.3.1.0/depends/x86_64-pc-linux-gnu/include     -L/e4coin/e4coin-0.3.1.0/depends/x86_64-pc-linux-gnu/lib     conftest.c conftstm.o >&5
configure:6816: $? = 0
configure:6854: result: ok
configure:6891: checking for sysroot
configure:6921: result: no
configure:6998: gcc -m64 -c -pipe -O2     -I/e4coin/e4coin-0.3.1.0/depends/x86_64-pc-linux-gnu/include     conftest.c >&5
configure:7001: $? = 0
configure:7137: checking for x86_64-pc-linux-gnu-mt
configure:7167: result: no
configure:7177: checking for mt
configure:7207: result: no
configure:7227: checking if : is a manifest tool
configure:7233: : '-?'
configure:7241: result: no
configure:7880: checking for dlfcn.h
configure:7880: gcc -m64 -c -pipe -O2     -I/e4coin/e4coin-0.3.1.0/depends/x86_64-pc-linux-gnu/include     conftest.c >&5
configure:7880: $? = 0
configure:7880: result: yes
configure:8086: checking for objdir
configure:8101: result: .libs
configure:8368: checking if gcc -m64 supports -fno-rtti -fno-exceptions
configure:8386: gcc -m64 -c -pipe -O2     -I/e4coin/e4coin-0.3.1.0/depends/x86_64-pc-linux-gnu/include     -fno-rtti -fno-exceptions conftest.c >&5
cc1: warning: command line option '-fno-rtti' is valid for C++/ObjC++ but not for C
configure:8390: $? = 0
configure:8403: result: no
configure:8730: checking for gcc -m64 option to produce PIC
configure:8737: result: -fPIC -DPIC
configure:8745: checking if gcc -m64 PIC flag -fPIC -DPIC works
configure:8763: gcc -m64 -c -pipe -O2     -I/e4coin/e4coin-0.3.1.0/depends/x86_64-pc-linux-gnu/include     -fPIC -DPIC -DPIC conftest.c >&5
configure:8767: $? = 0
configure:8780: result: yes
configure:8809: checking if gcc -m64 static flag -static works
configure:8837: result: yes
configure:8852: checking if gcc -m64 supports -c -o file.o
configure:8873: gcc -m64 -c -pipe -O2     -I/e4coin/e4coin-0.3.1.0/depends/x86_64-pc-linux-gnu/include     -o out/conftest2.o conftest.c >&5
configure:8877: $? = 0
configure:8899: result: yes
configure:8907: checking if gcc -m64 supports -c -o file.o
configure:8954: result: yes
configure:8987: checking whether the gcc -m64 linker (/usr/bin/ld -m elf_x86_64) supports shared libraries
configure:10140: result: yes
configure:10177: checking whether -lc should be explicitly linked in
configure:10185: gcc -m64 -c -pipe -O2     -I/e4coin/e4coin-0.3.1.0/depends/x86_64-pc-linux-gnu/include     conftest.c >&5
configure:10188: $? = 0
configure:10203: gcc -m64 -shared  -fPIC -DPIC conftest.o  -v -Wl,-soname -Wl,conftest -o conftest 2\>\&1 \| /bin/grep  -lc  \>/dev/null 2\>\&1
configure:10206: $? = 0
configure:10220: result: no
configure:10380: checking dynamic linker characteristics
configure:10891: gcc -m64 -o conftest -pipe -O2     -I/e4coin/e4coin-0.3.1.0/depends/x86_64-pc-linux-gnu/include     -L/e4coin/e4coin-0.3.1.0/depends/x86_64-pc-linux-gnu/lib     -Wl,-rpath -Wl,/foo conftest.c  >&5
configure:10891: $? = 0
configure:11113: result: GNU/Linux ld.so
configure:11220: checking how to hardcode library paths into programs
configure:11245: result: immediate
configure:11785: checking whether stripping libraries is possible
configure:11790: result: yes
configure:11825: checking if libtool supports shared libraries
configure:11827: result: yes
configure:11830: checking whether to build shared libraries
configure:11851: result: yes
configure:11854: checking whether to build static libraries
configure:11858: result: no
configure:11908: checking for gcc -m64 option to accept ISO C99
configure:12057: gcc -m64  -c -pipe -O2     -I/e4coin/e4coin-0.3.1.0/depends/x86_64-pc-linux-gnu/include     conftest.c >&5
configure:12057: $? = 0
configure:12070: result: none needed
configure:12089: checking whether __clang__ is declared
configure:12089: gcc -m64 -c -pipe -O2     -I/e4coin/e4coin-0.3.1.0/depends/x86_64-pc-linux-gnu/include     conftest.c >&5
conftest.c: In function 'main':
conftest.c:68:10: error: '__clang__' undeclared (first use in this function)
   (void) __clang__;
          ^
conftest.c:68:10: note: each undeclared identifier is reported only once for each function it appears in
configure:12089: $? = 1
configure: failed program was:
| /* confdefs.h */
| #define PACKAGE_NAME "libX11"
| #define PACKAGE_TARNAME "libX11"
| #define PACKAGE_VERSION "1.6.2"
| #define PACKAGE_STRING "libX11 1.6.2"
| #define PACKAGE_BUGREPORT "https://bugs.freedesktop.org/enter_bug.cgi?product=xorg"
| #define PACKAGE_URL ""
| #define STDC_HEADERS 1
| #define HAVE_SYS_TYPES_H 1
| #define HAVE_SYS_STAT_H 1
| #define HAVE_STDLIB_H 1
| #define HAVE_STRING_H 1
| #define HAVE_MEMORY_H 1
| #define HAVE_STRINGS_H 1
| #define HAVE_INTTYPES_H 1
| #define HAVE_STDINT_H 1
| #define HAVE_UNISTD_H 1
| #define __EXTENSIONS__ 1
| #define _ALL_SOURCE 1
| #define _GNU_SOURCE 1
| #define _POSIX_PTHREAD_SEMANTICS 1
| #define _TANDEM_SOURCE 1
| #define PACKAGE "libX11"
| #define VERSION "1.6.2"
| #define HAVE_DLFCN_H 1
| #define LT_OBJDIR ".libs/"
| /* end confdefs.h.  */
| #include <stdio.h>
| #ifdef HAVE_SYS_TYPES_H
| # include <sys/types.h>
| #endif
| #ifdef HAVE_SYS_STAT_H
| # include <sys/stat.h>
| #endif
| #ifdef STDC_HEADERS
| # include <stdlib.h>
| # include <stddef.h>
| #else
| # ifdef HAVE_STDLIB_H
| #  include <stdlib.h>
| # endif
| #endif
| #ifdef HAVE_STRING_H
| # if !defined STDC_HEADERS && defined HAVE_MEMORY_H
| #  include <memory.h>
| # endif
| # include <string.h>
| #endif
| #ifdef HAVE_STRINGS_H
| # include <strings.h>
| #endif
| #ifdef HAVE_INTTYPES_H
| # include <inttypes.h>
| #endif
| #ifdef HAVE_STDINT_H
| # include <stdint.h>
| #endif
| #ifdef HAVE_UNISTD_H
| # include <unistd.h>
| #endif
| int
| main ()
| {
| #ifndef __clang__
| #ifdef __cplusplus
|   (void) __clang__;
| #else
|   (void) __clang__;
| #endif
| #endif
| 
|   ;
|   return 0;
| }
configure:12089: result: no
configure:12096: checking whether __INTEL_COMPILER is declared
configure:12096: gcc -m64 -c -pipe -O2     -I/e4coin/e4coin-0.3.1.0/depends/x86_64-pc-linux-gnu/include     conftest.c >&5
conftest.c: In function 'main':
conftest.c:68:10: error: '__INTEL_COMPILER' undeclared (first use in this function)
   (void) __INTEL_COMPILER;
          ^
conftest.c:68:10: note: each undeclared identifier is reported only once for each function it appears in
configure:12096: $? = 1
configure: failed program was:
| /* confdefs.h */
| #define PACKAGE_NAME "libX11"
| #define PACKAGE_TARNAME "libX11"
| #define PACKAGE_VERSION "1.6.2"
| #define PACKAGE_STRING "libX11 1.6.2"
| #define PACKAGE_BUGREPORT "https://bugs.freedesktop.org/enter_bug.cgi?product=xorg"
| #define PACKAGE_URL ""
| #define STDC_HEADERS 1
| #define HAVE_SYS_TYPES_H 1
| #define HAVE_SYS_STAT_H 1
| #define HAVE_STDLIB_H 1
| #define HAVE_STRING_H 1
| #define HAVE_MEMORY_H 1
| #define HAVE_STRINGS_H 1
| #define HAVE_INTTYPES_H 1
| #define HAVE_STDINT_H 1
| #define HAVE_UNISTD_H 1
| #define __EXTENSIONS__ 1
| #define _ALL_SOURCE 1
| #define _GNU_SOURCE 1
| #define _POSIX_PTHREAD_SEMANTICS 1
| #define _TANDEM_SOURCE 1
| #define PACKAGE "libX11"
| #define VERSION "1.6.2"
| #define HAVE_DLFCN_H 1
| #define LT_OBJDIR ".libs/"
| /* end confdefs.h.  */
| #include <stdio.h>
| #ifdef HAVE_SYS_TYPES_H
| # include <sys/types.h>
| #endif
| #ifdef HAVE_SYS_STAT_H
| # include <sys/stat.h>
| #endif
| #ifdef STDC_HEADERS
| # include <stdlib.h>
| # include <stddef.h>
| #else
| # ifdef HAVE_STDLIB_H
| #  include <stdlib.h>
| # endif
| #endif
| #ifdef HAVE_STRING_H
| # if !defined STDC_HEADERS && defined HAVE_MEMORY_H
| #  include <memory.h>
| # endif
| # include <string.h>
| #endif
| #ifdef HAVE_STRINGS_H
| # include <strings.h>
| #endif
| #ifdef HAVE_INTTYPES_H
| # include <inttypes.h>
| #endif
| #ifdef HAVE_STDINT_H
| # include <stdint.h>
| #endif
| #ifdef HAVE_UNISTD_H
| # include <unistd.h>
| #endif
| int
| main ()
| {
| #ifndef __INTEL_COMPILER
| #ifdef __cplusplus
|   (void) __INTEL_COMPILER;
| #else
|   (void) __INTEL_COMPILER;
| #endif
| #endif
| 
|   ;
|   return 0;
| }
configure:12096: result: no
configure:12103: checking whether __SUNPRO_C is declared
configure:12103: gcc -m64 -c -pipe -O2     -I/e4coin/e4coin-0.3.1.0/depends/x86_64-pc-linux-gnu/include     conftest.c >&5
conftest.c: In function 'main':
conftest.c:68:10: error: '__SUNPRO_C' undeclared (first use in this function)
   (void) __SUNPRO_C;
          ^
conftest.c:68:10: note: each undeclared identifier is reported only once for each function it appears in
configure:12103: $? = 1
configure: failed program was:
| /* confdefs.h */
| #define PACKAGE_NAME "libX11"
| #define PACKAGE_TARNAME "libX11"
| #define PACKAGE_VERSION "1.6.2"
| #define PACKAGE_STRING "libX11 1.6.2"
| #define PACKAGE_BUGREPORT "https://bugs.freedesktop.org/enter_bug.cgi?product=xorg"
| #define PACKAGE_URL ""
| #define STDC_HEADERS 1
| #define HAVE_SYS_TYPES_H 1
| #define HAVE_SYS_STAT_H 1
| #define HAVE_STDLIB_H 1
| #define HAVE_STRING_H 1
| #define HAVE_MEMORY_H 1
| #define HAVE_STRINGS_H 1
| #define HAVE_INTTYPES_H 1
| #define HAVE_STDINT_H 1
| #define HAVE_UNISTD_H 1
| #define __EXTENSIONS__ 1
| #define _ALL_SOURCE 1
| #define _GNU_SOURCE 1
| #define _POSIX_PTHREAD_SEMANTICS 1
| #define _TANDEM_SOURCE 1
| #define PACKAGE "libX11"
| #define VERSION "1.6.2"
| #define HAVE_DLFCN_H 1
| #define LT_OBJDIR ".libs/"
| /* end confdefs.h.  */
| #include <stdio.h>
| #ifdef HAVE_SYS_TYPES_H
| # include <sys/types.h>
| #endif
| #ifdef HAVE_SYS_STAT_H
| # include <sys/stat.h>
| #endif
| #ifdef STDC_HEADERS
| # include <stdlib.h>
| # include <stddef.h>
| #else
| # ifdef HAVE_STDLIB_H
| #  include <stdlib.h>
| # endif
| #endif
| #ifdef HAVE_STRING_H
| # if !defined STDC_HEADERS && defined HAVE_MEMORY_H
| #  include <memory.h>
| # endif
| # include <string.h>
| #endif
| #ifdef HAVE_STRINGS_H
| # include <strings.h>
| #endif
| #ifdef HAVE_INTTYPES_H
| # include <inttypes.h>
| #endif
| #ifdef HAVE_STDINT_H
| # include <stdint.h>
| #endif
| #ifdef HAVE_UNISTD_H
| # include <unistd.h>
| #endif
| int
| main ()
| {
| #ifndef __SUNPRO_C
| #ifdef __cplusplus
|   (void) __SUNPRO_C;
| #else
|   (void) __SUNPRO_C;
| #endif
| #endif
| 
|   ;
|   return 0;
| }
configure:12103: result: no
configure:12117: checking for x86_64-pc-linux-gnu-pkg-config
configure:12135: found /usr/bin/x86_64-pc-linux-gnu-pkg-config
configure:12147: result: /usr/bin/x86_64-pc-linux-gnu-pkg-config
configure:12215: checking pkg-config is at least version 0.9.0
configure:12218: result: yes
configure:12268: checking if gcc -m64 supports -Werror=unknown-warning-option
configure:12277: gcc -m64 -c -pipe -O2     -Werror=unknown-warning-option -I/e4coin/e4coin-0.3.1.0/depends/x86_64-pc-linux-gnu/include     conftest.c >&5
cc1: error: -Werror=unknown-warning-option: no option -Wunknown-warning-option
configure:12277: $? = 1
configure: failed program was:
| /* confdefs.h */
| #define PACKAGE_NAME "libX11"
| #define PACKAGE_TARNAME "libX11"
| #define PACKAGE_VERSION "1.6.2"
| #define PACKAGE_STRING "libX11 1.6.2"
| #define PACKAGE_BUGREPORT "https://bugs.freedesktop.org/enter_bug.cgi?product=xorg"
| #define PACKAGE_URL ""
| #define STDC_HEADERS 1
| #define HAVE_SYS_TYPES_H 1
| #define HAVE_SYS_STAT_H 1
| #define HAVE_STDLIB_H 1
| #define HAVE_STRING_H 1
| #define HAVE_MEMORY_H 1
| #define HAVE_STRINGS_H 1
| #define HAVE_INTTYPES_H 1
| #define HAVE_STDINT_H 1
| #define HAVE_UNISTD_H 1
| #define __EXTENSIONS__ 1
| #define _ALL_SOURCE 1
| #define _GNU_SOURCE 1
| #define _POSIX_PTHREAD_SEMANTICS 1
| #define _TANDEM_SOURCE 1
| #define PACKAGE "libX11"
| #define VERSION "1.6.2"
| #define HAVE_DLFCN_H 1
| #define LT_OBJDIR ".libs/"
| /* end confdefs.h.  */
| int i;
configure:12284: result: no
configure:12295: checking if gcc -m64 supports -Werror=unused-command-line-argument
configure:12304: gcc -m64 -c -pipe -O2     -Werror=unused-command-line-argument -I/e4coin/e4coin-0.3.1.0/depends/x86_64-pc-linux-gnu/include     conftest.c >&5
cc1: error: -Werror=unused-command-line-argument: no option -Wunused-command-line-argument
configure:12304: $? = 1
configure: failed program was:
| /* confdefs.h */
| #define PACKAGE_NAME "libX11"
| #define PACKAGE_TARNAME "libX11"
| #define PACKAGE_VERSION "1.6.2"
| #define PACKAGE_STRING "libX11 1.6.2"
| #define PACKAGE_BUGREPORT "https://bugs.freedesktop.org/enter_bug.cgi?product=xorg"
| #define PACKAGE_URL ""
| #define STDC_HEADERS 1
| #define HAVE_SYS_TYPES_H 1
| #define HAVE_SYS_STAT_H 1
| #define HAVE_STDLIB_H 1
| #define HAVE_STRING_H 1
| #define HAVE_MEMORY_H 1
| #define HAVE_STRINGS_H 1
| #define HAVE_INTTYPES_H 1
| #define HAVE_STDINT_H 1
| #define HAVE_UNISTD_H 1
| #define __EXTENSIONS__ 1
| #define _ALL_SOURCE 1
| #define _GNU_SOURCE 1
| #define _POSIX_PTHREAD_SEMANTICS 1
| #define _TANDEM_SOURCE 1
| #define PACKAGE "libX11"
| #define VERSION "1.6.2"
| #define HAVE_DLFCN_H 1
| #define LT_OBJDIR ".libs/"
| /* end confdefs.h.  */
| int i;
configure:12311: result: no
configure:12330: checking if gcc -m64 supports -Wall
configure:12347: gcc -m64 -o conftest -pipe -O2     -Wall -I/e4coin/e4coin-0.3.1.0/depends/x86_64-pc-linux-gnu/include     -L/e4coin/e4coin-0.3.1.0/depends/x86_64-pc-linux-gnu/lib     conftest.c  >&5
configure:12347: $? = 0
configure:12360: result: yes
configure:12448: checking if gcc -m64 supports -Wpointer-arith
configure:12465: gcc -m64 -o conftest -pipe -O2     -Wpointer-arith -I/e4coin/e4coin-0.3.1.0/depends/x86_64-pc-linux-gnu/include     -L/e4coin/e4coin-0.3.1.0/depends/x86_64-pc-linux-gnu/lib     conftest.c  >&5
configure:12465: $? = 0
configure:12478: result: yes
configure:12566: checking if gcc -m64 supports -Wmissing-declarations
configure:12583: gcc -m64 -o conftest -pipe -O2     -Wmissing-declarations -I/e4coin/e4coin-0.3.1.0/depends/x86_64-pc-linux-gnu/include     -L/e4coin/e4coin-0.3.1.0/depends/x86_64-pc-linux-gnu/lib     conftest.c  >&5
configure:12583: $? = 0
configure:12596: result: yes
configure:12684: checking if gcc -m64 supports -Wformat=2
configure:12701: gcc -m64 -o conftest -pipe -O2     -Wformat=2 -I/e4coin/e4coin-0.3.1.0/depends/x86_64-pc-linux-gnu/include     -L/e4coin/e4coin-0.3.1.0/depends/x86_64-pc-linux-gnu/lib     conftest.c  >&5
configure:12701: $? = 0
configure:12714: result: yes
configure:12853: checking if gcc -m64 supports -Wstrict-prototypes
configure:12870: gcc -m64 -o conftest -pipe -O2     -Wstrict-prototypes -I/e4coin/e4coin-0.3.1.0/depends/x86_64-pc-linux-gnu/include     -L/e4coin/e4coin-0.3.1.0/depends/x86_64-pc-linux-gnu/lib     conftest.c  >&5
conftest.c:30:1: warning: function declaration isn't a prototype [-Wstrict-prototypes]
 main ()
 ^
configure:12870: $? = 0
configure:12883: result: yes
configure:12971: checking if gcc -m64 supports -Wmissing-prototypes
configure:12988: gcc -m64 -o conftest -pipe -O2     -Wmissing-prototypes -I/e4coin/e4coin-0.3.1.0/depends/x86_64-pc-linux-gnu/include     -L/e4coin/e4coin-0.3.1.0/depends/x86_64-pc-linux-gnu/lib     conftest.c  >&5
configure:12988: $? = 0
configure:13001: result: yes
configure:13089: checking if gcc -m64 supports -Wnested-externs
configure:13106: gcc -m64 -o conftest -pipe -O2     -Wnested-externs -I/e4coin/e4coin-0.3.1.0/depends/x86_64-pc-linux-gnu/include     -L/e4coin/e4coin-0.3.1.0/depends/x86_64-pc-linux-gnu/lib     conftest.c  >&5
configure:13106: $? = 0
configure:13119: result: yes
configure:13207: checking if gcc -m64 supports -Wbad-function-cast
configure:13224: gcc -m64 -o conftest -pipe -O2     -Wbad-function-cast -I/e4coin/e4coin-0.3.1.0/depends/x86_64-pc-linux-gnu/include     -L/e4coin/e4coin-0.3.1.0/depends/x86_64-pc-linux-gnu/lib     conftest.c  >&5
configure:13224: $? = 0
configure:13237: result: yes
configure:13325: checking if gcc -m64 supports -Wold-style-definition
configure:13342: gcc -m64 -o conftest -pipe -O2     -Wold-style-definition -I/e4coin/e4coin-0.3.1.0/depends/x86_64-pc-linux-gnu/include     -L/e4coin/e4coin-0.3.1.0/depends/x86_64-pc-linux-gnu/lib     conftest.c  >&5
conftest.c: In function 'main':
conftest.c:30:1: warning: old-style function definition [-Wold-style-definition]
 main ()
 ^
configure:13342: $? = 0
configure:13355: result: yes
configure:13443: checking if gcc -m64 supports -Wdeclaration-after-statement
configure:13460: gcc -m64 -o conftest -pipe -O2     -Wdeclaration-after-statement -I/e4coin/e4coin-0.3.1.0/depends/x86_64-pc-linux-gnu/include     -L/e4coin/e4coin-0.3.1.0/depends/x86_64-pc-linux-gnu/lib     conftest.c  >&5
configure:13460: $? = 0
configure:13473: result: yes
configure:13565: checking if gcc -m64 supports -Wunused
configure:13582: gcc -m64 -o conftest -pipe -O2     -Wunused -I/e4coin/e4coin-0.3.1.0/depends/x86_64-pc-linux-gnu/include     -L/e4coin/e4coin-0.3.1.0/depends/x86_64-pc-linux-gnu/lib     conftest.c  >&5
configure:13582: $? = 0
configure:13595: result: yes
configure:13683: checking if gcc -m64 supports -Wuninitialized
configure:13700: gcc -m64 -o conftest -pipe -O2     -Wuninitialized -I/e4coin/e4coin-0.3.1.0/depends/x86_64-pc-linux-gnu/include     -L/e4coin/e4coin-0.3.1.0/depends/x86_64-pc-linux-gnu/lib     conftest.c  >&5
configure:13700: $? = 0
configure:13713: result: yes
configure:13801: checking if gcc -m64 supports -Wshadow
configure:13818: gcc -m64 -o conftest -pipe -O2     -Wshadow -I/e4coin/e4coin-0.3.1.0/depends/x86_64-pc-linux-gnu/include     -L/e4coin/e4coin-0.3.1.0/depends/x86_64-pc-linux-gnu/lib     conftest.c  >&5
configure:13818: $? = 0
configure:13831: result: yes
configure:13919: checking if gcc -m64 supports -Wcast-qual
configure:13936: gcc -m64 -o conftest -pipe -O2     -Wcast-qual -I/e4coin/e4coin-0.3.1.0/depends/x86_64-pc-linux-gnu/include     -L/e4coin/e4coin-0.3.1.0/depends/x86_64-pc-linux-gnu/lib     conftest.c  >&5
configure:13936: $? = 0
configure:13949: result: yes
configure:14037: checking if gcc -m64 supports -Wmissing-noreturn
configure:14054: gcc -m64 -o conftest -pipe -O2     -Wmissing-noreturn -I/e4coin/e4coin-0.3.1.0/depends/x86_64-pc-linux-gnu/include     -L/e4coin/e4coin-0.3.1.0/depends/x86_64-pc-linux-gnu/lib     conftest.c  >&5
configure:14054: $? = 0
configure:14067: result: yes
configure:14155: checking if gcc -m64 supports -Wmissing-format-attribute
configure:14172: gcc -m64 -o conftest -pipe -O2     -Wmissing-format-attribute -I/e4coin/e4coin-0.3.1.0/depends/x86_64-pc-linux-gnu/include     -L/e4coin/e4coin-0.3.1.0/depends/x86_64-pc-linux-gnu/lib     conftest.c  >&5
configure:14172: $? = 0
configure:14185: result: yes
configure:14273: checking if gcc -m64 supports -Wredundant-decls
configure:14290: gcc -m64 -o conftest -pipe -O2     -Wredundant-decls -I/e4coin/e4coin-0.3.1.0/depends/x86_64-pc-linux-gnu/include     -L/e4coin/e4coin-0.3.1.0/depends/x86_64-pc-linux-gnu/lib     conftest.c  >&5
configure:14290: $? = 0
configure:14303: result: yes
configure:14403: checking if gcc -m64 supports -Werror=implicit
configure:14420: gcc -m64 -o conftest -pipe -O2     -Werror=implicit -I/e4coin/e4coin-0.3.1.0/depends/x86_64-pc-linux-gnu/include     -L/e4coin/e4coin-0.3.1.0/depends/x86_64-pc-linux-gnu/lib     conftest.c  >&5
configure:14420: $? = 0
configure:14433: result: yes
configure:14570: checking if gcc -m64 supports -Werror=nonnull
configure:14587: gcc -m64 -o conftest -pipe -O2     -Werror=nonnull -I/e4coin/e4coin-0.3.1.0/depends/x86_64-pc-linux-gnu/include     -L/e4coin/e4coin-0.3.1.0/depends/x86_64-pc-linux-gnu/lib     conftest.c  >&5
configure:14587: $? = 0
configure:14600: result: yes
configure:14688: checking if gcc -m64 supports -Werror=init-self
configure:14705: gcc -m64 -o conftest -pipe -O2     -Werror=init-self -I/e4coin/e4coin-0.3.1.0/depends/x86_64-pc-linux-gnu/include     -L/e4coin/e4coin-0.3.1.0/depends/x86_64-pc-linux-gnu/lib     conftest.c  >&5
configure:14705: $? = 0
configure:14718: result: yes
configure:14806: checking if gcc -m64 supports -Werror=main
configure:14823: gcc -m64 -o conftest -pipe -O2     -Werror=main -I/e4coin/e4coin-0.3.1.0/depends/x86_64-pc-linux-gnu/include     -L/e4coin/e4coin-0.3.1.0/depends/x86_64-pc-linux-gnu/lib     conftest.c  >&5
configure:14823: $? = 0
configure:14836: result: yes
configure:14924: checking if gcc -m64 supports -Werror=missing-braces
configure:14941: gcc -m64 -o conftest -pipe -O2     -Werror=missing-braces -I/e4coin/e4coin-0.3.1.0/depends/x86_64-pc-linux-gnu/include     -L/e4coin/e4coin-0.3.1.0/depends/x86_64-pc-linux-gnu/lib     conftest.c  >&5
configure:14941: $? = 0
configure:14954: result: yes
configure:15042: checking if gcc -m64 supports -Werror=sequence-point
configure:15059: gcc -m64 -o conftest -pipe -O2     -Werror=sequence-point -I/e4coin/e4coin-0.3.1.0/depends/x86_64-pc-linux-gnu/include     -L/e4coin/e4coin-0.3.1.0/depends/x86_64-pc-linux-gnu/lib     conftest.c  >&5
configure:15059: $? = 0
configure:15072: result: yes
configure:15160: checking if gcc -m64 supports -Werror=return-type
configure:15177: gcc -m64 -o conftest -pipe -O2     -Werror=return-type -I/e4coin/e4coin-0.3.1.0/depends/x86_64-pc-linux-gnu/include     -L/e4coin/e4coin-0.3.1.0/depends/x86_64-pc-linux-gnu/lib     conftest.c  >&5
configure:15177: $? = 0
configure:15190: result: yes
configure:15327: checking if gcc -m64 supports -Werror=trigraphs
configure:15344: gcc -m64 -o conftest -pipe -O2     -Werror=trigraphs -I/e4coin/e4coin-0.3.1.0/depends/x86_64-pc-linux-gnu/include     -L/e4coin/e4coin-0.3.1.0/depends/x86_64-pc-linux-gnu/lib     conftest.c  >&5
configure:15344: $? = 0
configure:15357: result: yes
configure:15445: checking if gcc -m64 supports -Werror=array-bounds
configure:15462: gcc -m64 -o conftest -pipe -O2     -Werror=array-bounds -I/e4coin/e4coin-0.3.1.0/depends/x86_64-pc-linux-gnu/include     -L/e4coin/e4coin-0.3.1.0/depends/x86_64-pc-linux-gnu/lib     conftest.c  >&5
configure:15462: $? = 0
configure:15475: result: yes
configure:15563: checking if gcc -m64 supports -Werror=write-strings
configure:15580: gcc -m64 -o conftest -pipe -O2     -Werror=write-strings -I/e4coin/e4coin-0.3.1.0/depends/x86_64-pc-linux-gnu/include     -L/e4coin/e4coin-0.3.1.0/depends/x86_64-pc-linux-gnu/lib     conftest.c  >&5
configure:15580: $? = 0
configure:15593: result: yes
configure:15681: checking if gcc -m64 supports -Werror=address
configure:15698: gcc -m64 -o conftest -pipe -O2     -Werror=address -I/e4coin/e4coin-0.3.1.0/depends/x86_64-pc-linux-gnu/include     -L/e4coin/e4coin-0.3.1.0/depends/x86_64-pc-linux-gnu/lib     conftest.c  >&5
configure:15698: $? = 0
configure:15711: result: yes
configure:15799: checking if gcc -m64 supports -Werror=int-to-pointer-cast
configure:15816: gcc -m64 -o conftest -pipe -O2     -Werror=int-to-pointer-cast -I/e4coin/e4coin-0.3.1.0/depends/x86_64-pc-linux-gnu/include     -L/e4coin/e4coin-0.3.1.0/depends/x86_64-pc-linux-gnu/lib     conftest.c  >&5
configure:15816: $? = 0
configure:15829: result: yes
configure:15966: checking if gcc -m64 supports -Werror=pointer-to-int-cast
configure:15983: gcc -m64 -o conftest -pipe -O2     -Werror=pointer-to-int-cast -I/e4coin/e4coin-0.3.1.0/depends/x86_64-pc-linux-gnu/include     -L/e4coin/e4coin-0.3.1.0/depends/x86_64-pc-linux-gnu/lib     conftest.c  >&5
configure:15983: $? = 0
configure:15996: result: yes
configure:17654: checking if gcc -m64 supports -pedantic
configure:17671: gcc -m64 -o conftest -pipe -O2     -pedantic -I/e4coin/e4coin-0.3.1.0/depends/x86_64-pc-linux-gnu/include     -L/e4coin/e4coin-0.3.1.0/depends/x86_64-pc-linux-gnu/lib     conftest.c  >&5
configure:17671: $? = 0
configure:17684: result: yes
configure:17772: checking if gcc -m64 supports -Werror
configure:17789: gcc -m64 -o conftest -pipe -O2     -Werror -I/e4coin/e4coin-0.3.1.0/depends/x86_64-pc-linux-gnu/include     -L/e4coin/e4coin-0.3.1.0/depends/x86_64-pc-linux-gnu/lib     conftest.c  >&5
configure:17789: $? = 0
configure:17802: result: yes
configure:17942: checking if gcc -m64 supports -Werror=attributes
configure:17959: gcc -m64 -o conftest -pipe -O2     -Werror=attributes -I/e4coin/e4coin-0.3.1.0/depends/x86_64-pc-linux-gnu/include     -L/e4coin/e4coin-0.3.1.0/depends/x86_64-pc-linux-gnu/lib     conftest.c  >&5
configure:17959: $? = 0
configure:17972: result: yes
configure:18132: checking whether make supports nested variables
configure:18149: result: yes
configure:18179: checking whether to build functional specifications
configure:18181: result: yes
configure:18200: checking for xmlto
configure:18233: result: no
configure:18239: WARNING: xmlto not found - documentation targets will be skipped
configure:18504: checking for xsltproc
configure:18537: result: no
configure:18543: WARNING: xsltproc not found - cannot transform XML documents
configure:18614: checking for X.Org SGML entities >= 1.10
configure:18618: $PKG_CONFIG --exists --print-errors "xorg-sgml-doctools >= 1.10"
Package xorg-sgml-doctools was not found in the pkg-config search path.
Perhaps you should add the directory containing `xorg-sgml-doctools.pc'
to the PKG_CONFIG_PATH environment variable
No package 'xorg-sgml-doctools' found
configure:18621: $? = 1
configure:18637: result: no
configure:18659: checking for cpp
configure:18678: found /usr/bin/cpp
configure:18690: result: /usr/bin/cpp
configure:18706: checking if /usr/bin/cpp requires -undef
configure:18718: result: yes
configure:18731: checking if /usr/bin/cpp requires -traditional
configure:18743: result: yes
configure:18770: checking for perl
configure:18788: found /usr/bin/perl
configure:18800: result: /usr/bin/perl
configure:18887: checking for x86_64-pc-linux-gnu-pkg-config
configure:18917: result: /usr/bin/x86_64-pc-linux-gnu-pkg-config
configure:18985: checking pkg-config is at least version 0.9.0
configure:18988: result: yes
configure:19081: checking for x86_64-pc-linux-gnu-pkg-config
configure:19111: result: /usr/bin/x86_64-pc-linux-gnu-pkg-config
configure:19179: checking pkg-config is at least version 0.9.0
configure:19182: result: yes
configure:19204: checking return type of signal handlers
configure:19222: gcc -m64 -c -pipe -O2     -I/e4coin/e4coin-0.3.1.0/depends/x86_64-pc-linux-gnu/include     conftest.c >&5
conftest.c: In function 'main':
conftest.c:37:9: error: void value not ignored as it ought to be
 return *(signal (0, 0)) (0) == 1;
         ^
configure:19222: $? = 1
configure: failed program was:
| /* confdefs.h */
| #define PACKAGE_NAME "libX11"
| #define PACKAGE_TARNAME "libX11"
| #define PACKAGE_VERSION "1.6.2"
| #define PACKAGE_STRING "libX11 1.6.2"
| #define PACKAGE_BUGREPORT "https://bugs.freedesktop.org/enter_bug.cgi?product=xorg"
| #define PACKAGE_URL ""
| #define STDC_HEADERS 1
| #define HAVE_SYS_TYPES_H 1
| #define HAVE_SYS_STAT_H 1
| #define HAVE_STDLIB_H 1
| #define HAVE_STRING_H 1
| #define HAVE_MEMORY_H 1
| #define HAVE_STRINGS_H 1
| #define HAVE_INTTYPES_H 1
| #define HAVE_STDINT_H 1
| #define HAVE_UNISTD_H 1
| #define __EXTENSIONS__ 1
| #define _ALL_SOURCE 1
| #define _GNU_SOURCE 1
| #define _POSIX_PTHREAD_SEMANTICS 1
| #define _TANDEM_SOURCE 1
| #define PACKAGE "libX11"
| #define VERSION "1.6.2"
| #define HAVE_DLFCN_H 1
| #define LT_OBJDIR ".libs/"
| #define PACKAGE_VERSION_MAJOR 1
| #define PACKAGE_VERSION_MINOR 6
| #define PACKAGE_VERSION_PATCHLEVEL 2
| /* end confdefs.h.  */
| #include <sys/types.h>
| #include <signal.h>
| 
| int
| main ()
| {
| return *(signal (0, 0)) (0) == 1;
|   ;
|   return 0;
| }
configure:19229: result: void
configure:19251: checking if Xtrans should support UNIX socket connections
configure:19258: result: yes
configure:19267: checking if Xtrans should support TCP socket connections
configure:19269: result: yes
configure:19277: checking for library containing socket
configure:19308: gcc -m64 -o conftest -pipe -O2     -I/e4coin/e4coin-0.3.1.0/depends/x86_64-pc-linux-gnu/include     -L/e4coin/e4coin-0.3.1.0/depends/x86_64-pc-linux-gnu/lib     conftest.c  >&5
configure:19308: $? = 0
configure:19325: result: none required
configure:19333: checking for library containing gethostbyname
configure:19364: gcc -m64 -o conftest -pipe -O2     -I/e4coin/e4coin-0.3.1.0/depends/x86_64-pc-linux-gnu/include     -L/e4coin/e4coin-0.3.1.0/depends/x86_64-pc-linux-gnu/lib     conftest.c  >&5
configure:19364: $? = 0
configure:19381: result: none required
configure:19437: checking for getaddrinfo
configure:19437: gcc -m64 -o conftest -pipe -O2     -I/e4coin/e4coin-0.3.1.0/depends/x86_64-pc-linux-gnu/include     -L/e4coin/e4coin-0.3.1.0/depends/x86_64-pc-linux-gnu/lib     conftest.c  >&5
configure:19437: $? = 0
configure:19437: result: yes
configure:19446: checking if IPv6 support should be built
configure:19453: result: yes
configure:19457: checking for struct sockaddr_in.sin_len
configure:19457: gcc -m64 -c -pipe -O2     -I/e4coin/e4coin-0.3.1.0/depends/x86_64-pc-linux-gnu/include     conftest.c >&5
conftest.c: In function 'main':
conftest.c:45:12: error: 'struct sockaddr_in' has no member named 'sin_len'
 if (ac_aggr.sin_len)
            ^
configure:19457: $? = 1
configure: failed program was:
| /* confdefs.h */
| #define PACKAGE_NAME "libX11"
| #define PACKAGE_TARNAME "libX11"
| #define PACKAGE_VERSION "1.6.2"
| #define PACKAGE_STRING "libX11 1.6.2"
| #define PACKAGE_BUGREPORT "https://bugs.freedesktop.org/enter_bug.cgi?product=xorg"
| #define PACKAGE_URL ""
| #define STDC_HEADERS 1
| #define HAVE_SYS_TYPES_H 1
| #define HAVE_SYS_STAT_H 1
| #define HAVE_STDLIB_H 1
| #define HAVE_STRING_H 1
| #define HAVE_MEMORY_H 1
| #define HAVE_STRINGS_H 1
| #define HAVE_INTTYPES_H 1
| #define HAVE_STDINT_H 1
| #define HAVE_UNISTD_H 1
| #define __EXTENSIONS__ 1
| #define _ALL_SOURCE 1
| #define _GNU_SOURCE 1
| #define _POSIX_PTHREAD_SEMANTICS 1
| #define _TANDEM_SOURCE 1
| #define PACKAGE "libX11"
| #define VERSION "1.6.2"
| #define HAVE_DLFCN_H 1
| #define LT_OBJDIR ".libs/"
| #define PACKAGE_VERSION_MAJOR 1
| #define PACKAGE_VERSION_MINOR 6
| #define PACKAGE_VERSION_PATCHLEVEL 2
| #define RETSIGTYPE void
| #define UNIXCONN 1
| #define TCPCONN 1
| #define IPv6 1
| /* end confdefs.h.  */
| 
| #include <sys/types.h>
| #include <sys/socket.h>
| #include <netinet/in.h>
| 
| 
| int
| main ()
| {
| static struct sockaddr_in ac_aggr;
| if (ac_aggr.sin_len)
| return 0;
|   ;
|   return 0;
| }
configure:19457: gcc -m64 -c -pipe -O2     -I/e4coin/e4coin-0.3.1.0/depends/x86_64-pc-linux-gnu/include     conftest.c >&5
conftest.c: In function 'main':
conftest.c:45:19: error: 'struct sockaddr_in' has no member named 'sin_len'
 if (sizeof ac_aggr.sin_len)
                   ^
configure:19457: $? = 1
configure: failed program was:
| /* confdefs.h */
| #define PACKAGE_NAME "libX11"
| #define PACKAGE_TARNAME "libX11"
| #define PACKAGE_VERSION "1.6.2"
| #define PACKAGE_STRING "libX11 1.6.2"
| #define PACKAGE_BUGREPORT "https://bugs.freedesktop.org/enter_bug.cgi?product=xorg"
| #define PACKAGE_URL ""
| #define STDC_HEADERS 1
| #define HAVE_SYS_TYPES_H 1
| #define HAVE_SYS_STAT_H 1
| #define HAVE_STDLIB_H 1
| #define HAVE_STRING_H 1
| #define HAVE_MEMORY_H 1
| #define HAVE_STRINGS_H 1
| #define HAVE_INTTYPES_H 1
| #define HAVE_STDINT_H 1
| #define HAVE_UNISTD_H 1
| #define __EXTENSIONS__ 1
| #define _ALL_SOURCE 1
| #define _GNU_SOURCE 1
| #define _POSIX_PTHREAD_SEMANTICS 1
| #define _TANDEM_SOURCE 1
| #define PACKAGE "libX11"
| #define VERSION "1.6.2"
| #define HAVE_DLFCN_H 1
| #define LT_OBJDIR ".libs/"
| #define PACKAGE_VERSION_MAJOR 1
| #define PACKAGE_VERSION_MINOR 6
| #define PACKAGE_VERSION_PATCHLEVEL 2
| #define RETSIGTYPE void
| #define UNIXCONN 1
| #define TCPCONN 1
| #define IPv6 1
| /* end confdefs.h.  */
| 
| #include <sys/types.h>
| #include <sys/socket.h>
| #include <netinet/in.h>
| 
| 
| int
| main ()
| {
| static struct sockaddr_in ac_aggr;
| if (sizeof ac_aggr.sin_len)
| return 0;
|   ;
|   return 0;
| }
configure:19457: result: no
configure:19471: checking for socklen_t
configure:19471: gcc -m64 -c -pipe -O2     -I/e4coin/e4coin-0.3.1.0/depends/x86_64-pc-linux-gnu/include     conftest.c >&5
configure:19471: $? = 0
configure:19471: gcc -m64 -c -pipe -O2     -I/e4coin/e4coin-0.3.1.0/depends/x86_64-pc-linux-gnu/include     conftest.c >&5
conftest.c: In function 'main':
conftest.c:74:24: error: expected expression before ')' token
 if (sizeof ((socklen_t)))
                        ^
configure:19471: $? = 1
configure: failed program was:
| /* confdefs.h */
| #define PACKAGE_NAME "libX11"
| #define PACKAGE_TARNAME "libX11"
| #define PACKAGE_VERSION "1.6.2"
| #define PACKAGE_STRING "libX11 1.6.2"
| #define PACKAGE_BUGREPORT "https://bugs.freedesktop.org/enter_bug.cgi?product=xorg"
| #define PACKAGE_URL ""
| #define STDC_HEADERS 1
| #define HAVE_SYS_TYPES_H 1
| #define HAVE_SYS_STAT_H 1
| #define HAVE_STDLIB_H 1
| #define HAVE_STRING_H 1
| #define HAVE_MEMORY_H 1
| #define HAVE_STRINGS_H 1
| #define HAVE_INTTYPES_H 1
| #define HAVE_STDINT_H 1
| #define HAVE_UNISTD_H 1
| #define __EXTENSIONS__ 1
| #define _ALL_SOURCE 1
| #define _GNU_SOURCE 1
| #define _POSIX_PTHREAD_SEMANTICS 1
| #define _TANDEM_SOURCE 1
| #define PACKAGE "libX11"
| #define VERSION "1.6.2"
| #define HAVE_DLFCN_H 1
| #define LT_OBJDIR ".libs/"
| #define PACKAGE_VERSION_MAJOR 1
| #define PACKAGE_VERSION_MINOR 6
| #define PACKAGE_VERSION_PATCHLEVEL 2
| #define RETSIGTYPE void
| #define UNIXCONN 1
| #define TCPCONN 1
| #define IPv6 1
| /* end confdefs.h.  */
| 
| #include <stdio.h>
| #ifdef HAVE_SYS_TYPES_H
| # include <sys/types.h>
| #endif
| #ifdef HAVE_SYS_STAT_H
| # include <sys/stat.h>
| #endif
| #ifdef STDC_HEADERS
| # include <stdlib.h>
| # include <stddef.h>
| #else
| # ifdef HAVE_STDLIB_H
| #  include <stdlib.h>
| # endif
| #endif
| #ifdef HAVE_STRING_H
| # if !defined STDC_HEADERS && defined HAVE_MEMORY_H
| #  include <memory.h>
| # endif
| # include <string.h>
| #endif
| #ifdef HAVE_STRINGS_H
| # include <strings.h>
| #endif
| #ifdef HAVE_INTTYPES_H
| # include <inttypes.h>
| #endif
| #ifdef HAVE_STDINT_H
| # include <stdint.h>
| #endif
| #ifdef HAVE_UNISTD_H
| # include <unistd.h>
| #endif
| #include <sys/socket.h>
| 
| int
| main ()
| {
| if (sizeof ((socklen_t)))
| 	    return 0;
|   ;
|   return 0;
| }
configure:19471: result: yes
configure:19498: checking if Xtrans should support os-specific local connections
configure:19500: result: no
configure:19525: checking for authdes_seccreate
configure:19525: gcc -m64 -o conftest -pipe -O2     -I/e4coin/e4coin-0.3.1.0/depends/x86_64-pc-linux-gnu/include     -L/e4coin/e4coin-0.3.1.0/depends/x86_64-pc-linux-gnu/lib     conftest.c  >&5
/tmp/ccQm1Doh.o: In function `main':
conftest.c:(.text.startup+0x7): undefined reference to `authdes_seccreate'
collect2: error: ld returned 1 exit status
configure:19525: $? = 1
configure: failed program was:
| /* confdefs.h */
| #define PACKAGE_NAME "libX11"
| #define PACKAGE_TARNAME "libX11"
| #define PACKAGE_VERSION "1.6.2"
| #define PACKAGE_STRING "libX11 1.6.2"
| #define PACKAGE_BUGREPORT "https://bugs.freedesktop.org/enter_bug.cgi?product=xorg"
| #define PACKAGE_URL ""
| #define STDC_HEADERS 1
| #define HAVE_SYS_TYPES_H 1
| #define HAVE_SYS_STAT_H 1
| #define HAVE_STDLIB_H 1
| #define HAVE_STRING_H 1
| #define HAVE_MEMORY_H 1
| #define HAVE_STRINGS_H 1
| #define HAVE_INTTYPES_H 1
| #define HAVE_STDINT_H 1
| #define HAVE_UNISTD_H 1
| #define __EXTENSIONS__ 1
| #define _ALL_SOURCE 1
| #define _GNU_SOURCE 1
| #define _POSIX_PTHREAD_SEMANTICS 1
| #define _TANDEM_SOURCE 1
| #define PACKAGE "libX11"
| #define VERSION "1.6.2"
| #define HAVE_DLFCN_H 1
| #define LT_OBJDIR ".libs/"
| #define PACKAGE_VERSION_MAJOR 1
| #define PACKAGE_VERSION_MINOR 6
| #define PACKAGE_VERSION_PATCHLEVEL 2
| #define RETSIGTYPE void
| #define UNIXCONN 1
| #define TCPCONN 1
| #define IPv6 1
| #define HAVE_SOCKLEN_T 1
| /* end confdefs.h.  */
| /* Define authdes_seccreate to an innocuous variant, in case <limits.h> declares authdes_seccreate.
|    For example, HP-UX 11i <limits.h> declares gettimeofday.  */
| #define authdes_seccreate innocuous_authdes_seccreate
| 
| /* System header to define __stub macros and hopefully few prototypes,
|     which can conflict with char authdes_seccreate (); below.
|     Prefer <limits.h> to <assert.h> if __STDC__ is defined, since
|     <limits.h> exists even on freestanding compilers.  */
| 
| #ifdef __STDC__
| # include <limits.h>
| #else
| # include <assert.h>
| #endif
| 
| #undef authdes_seccreate
| 
| /* Override any GCC internal prototype to avoid an error.
|    Use char because int might match the return type of a GCC
|    builtin and then its argument prototype would still apply.  */
| #ifdef __cplusplus
| extern "C"
| #endif
| char authdes_seccreate ();
| /* The GNU C library defines this for functions which it implements
|     to always fail with ENOSYS.  Some functions are actually named
|     something starting with __ and the normal name is an alias.  */
| #if defined __stub_authdes_seccreate || defined __stub___authdes_seccreate
| choke me
| #endif
| 
| int
| main ()
| {
| return authdes_seccreate ();
|   ;
|   return 0;
| }
configure:19525: result: no
configure:19525: checking for authdes_create
configure:19525: gcc -m64 -o conftest -pipe -O2     -I/e4coin/e4coin-0.3.1.0/depends/x86_64-pc-linux-gnu/include     -L/e4coin/e4coin-0.3.1.0/depends/x86_64-pc-linux-gnu/lib     conftest.c  >&5
configure:19525: $? = 0
configure:19525: result: yes
configure:19540: checking for library containing getsecretkey
configure:19571: gcc -m64 -o conftest -pipe -O2     -I/e4coin/e4coin-0.3.1.0/depends/x86_64-pc-linux-gnu/include     -L/e4coin/e4coin-0.3.1.0/depends/x86_64-pc-linux-gnu/lib     conftest.c  >&5
configure:19571: $? = 0
configure:19588: result: none required
configure:19599: checking if Secure RPC authentication ("SUN-DES-1") should be supported
configure:19606: result: yes
configure:19611: checking what order to try transports in for local connections
configure:19688: result: LOCAL_TRANS,UNIX_TRANS,TCP_TRANS
configure:19692: checking if run-time linking is supported
configure:19694: checking for library containing dlopen
configure:19725: gcc -m64 -o conftest -pipe -O2     -I/e4coin/e4coin-0.3.1.0/depends/x86_64-pc-linux-gnu/include     -L/e4coin/e4coin-0.3.1.0/depends/x86_64-pc-linux-gnu/lib     conftest.c  >&5
/tmp/ccrKiJI7.o: In function `main':
conftest.c:(.text.startup+0x7): undefined reference to `dlopen'
collect2: error: ld returned 1 exit status
configure:19725: $? = 1
configure: failed program was:
| /* confdefs.h */
| #define PACKAGE_NAME "libX11"
| #define PACKAGE_TARNAME "libX11"
| #define PACKAGE_VERSION "1.6.2"
| #define PACKAGE_STRING "libX11 1.6.2"
| #define PACKAGE_BUGREPORT "https://bugs.freedesktop.org/enter_bug.cgi?product=xorg"
| #define PACKAGE_URL ""
| #define STDC_HEADERS 1
| #define HAVE_SYS_TYPES_H 1
| #define HAVE_SYS_STAT_H 1
| #define HAVE_STDLIB_H 1
| #define HAVE_STRING_H 1
| #define HAVE_MEMORY_H 1
| #define HAVE_STRINGS_H 1
| #define HAVE_INTTYPES_H 1
| #define HAVE_STDINT_H 1
| #define HAVE_UNISTD_H 1
| #define __EXTENSIONS__ 1
| #define _ALL_SOURCE 1
| #define _GNU_SOURCE 1
| #define _POSIX_PTHREAD_SEMANTICS 1
| #define _TANDEM_SOURCE 1
| #define PACKAGE "libX11"
| #define VERSION "1.6.2"
| #define HAVE_DLFCN_H 1
| #define LT_OBJDIR ".libs/"
| #define PACKAGE_VERSION_MAJOR 1
| #define PACKAGE_VERSION_MINOR 6
| #define PACKAGE_VERSION_PATCHLEVEL 2
| #define RETSIGTYPE void
| #define UNIXCONN 1
| #define TCPCONN 1
| #define IPv6 1
| #define HAVE_SOCKLEN_T 1
| #define HAVE_AUTHDES_CREATE 1
| #define SECURE_RPC 1
| #define LOCAL_TRANSPORT_LIST LOCAL_TRANS,UNIX_TRANS,TCP_TRANS
| /* end confdefs.h.  */
| 
| /* Override any GCC internal prototype to avoid an error.
|    Use char because int might match the return type of a GCC
|    builtin and then its argument prototype would still apply.  */
| #ifdef __cplusplus
| extern "C"
| #endif
| char dlopen ();
| int
| main ()
| {
| return dlopen ();
|   ;
|   return 0;
| }
configure:19725: gcc -m64 -o conftest -pipe -O2     -I/e4coin/e4coin-0.3.1.0/depends/x86_64-pc-linux-gnu/include     -L/e4coin/e4coin-0.3.1.0/depends/x86_64-pc-linux-gnu/lib     conftest.c -ldl   >&5
configure:19725: $? = 0
configure:19742: result: -ldl
configure:19830: checking for dlfcn.h
configure:19830: result: yes
configure:19846: result: yes
configure:19849: checking if loadable i18n module support should be enabled
configure:19868: result: no
configure:19880: checking if loadable Xcursor library support should be enabled
configure:19894: result: yes
configure:19900: checking sys/select.h usability
configure:19900: gcc -m64 -c -pipe -O2     -I/e4coin/e4coin-0.3.1.0/depends/x86_64-pc-linux-gnu/include     conftest.c >&5
configure:19900: $? = 0
configure:19900: result: yes
configure:19900: checking sys/select.h presence
configure:19900: gcc -m64 -E -I/e4coin/e4coin-0.3.1.0/depends/x86_64-pc-linux-gnu/include     conftest.c
configure:19900: $? = 0
configure:19900: result: yes
configure:19900: checking for sys/select.h
configure:19900: result: yes
configure:19917: checking for strtol
configure:19917: gcc -m64 -o conftest -pipe -O2     -I/e4coin/e4coin-0.3.1.0/depends/x86_64-pc-linux-gnu/include     -L/e4coin/e4coin-0.3.1.0/depends/x86_64-pc-linux-gnu/lib     conftest.c -ldl  >&5
configure:19917: $? = 0
configure:19917: result: yes
configure:19917: checking for seteuid
configure:19917: gcc -m64 -o conftest -pipe -O2     -I/e4coin/e4coin-0.3.1.0/depends/x86_64-pc-linux-gnu/include     -L/e4coin/e4coin-0.3.1.0/depends/x86_64-pc-linux-gnu/lib     conftest.c -ldl  >&5
configure:19917: $? = 0
configure:19917: result: yes
configure:19928: checking whether issetugid is declared
configure:19928: gcc -m64 -c -pipe -O2     -I/e4coin/e4coin-0.3.1.0/depends/x86_64-pc-linux-gnu/include     conftest.c >&5
conftest.c: In function 'main':
conftest.c:85:10: error: 'issetugid' undeclared (first use in this function)
   (void) issetugid;
          ^
conftest.c:85:10: note: each undeclared identifier is reported only once for each function it appears in
configure:19928: $? = 1
configure: failed program was:
| /* confdefs.h */
| #define PACKAGE_NAME "libX11"
| #define PACKAGE_TARNAME "libX11"
| #define PACKAGE_VERSION "1.6.2"
| #define PACKAGE_STRING "libX11 1.6.2"
| #define PACKAGE_BUGREPORT "https://bugs.freedesktop.org/enter_bug.cgi?product=xorg"
| #define PACKAGE_URL ""
| #define STDC_HEADERS 1
| #define HAVE_SYS_TYPES_H 1
| #define HAVE_SYS_STAT_H 1
| #define HAVE_STDLIB_H 1
| #define HAVE_STRING_H 1
| #define HAVE_MEMORY_H 1
| #define HAVE_STRINGS_H 1
| #define HAVE_INTTYPES_H 1
| #define HAVE_STDINT_H 1
| #define HAVE_UNISTD_H 1
| #define __EXTENSIONS__ 1
| #define _ALL_SOURCE 1
| #define _GNU_SOURCE 1
| #define _POSIX_PTHREAD_SEMANTICS 1
| #define _TANDEM_SOURCE 1
| #define PACKAGE "libX11"
| #define VERSION "1.6.2"
| #define HAVE_DLFCN_H 1
| #define LT_OBJDIR ".libs/"
| #define PACKAGE_VERSION_MAJOR 1
| #define PACKAGE_VERSION_MINOR 6
| #define PACKAGE_VERSION_PATCHLEVEL 2
| #define RETSIGTYPE void
| #define UNIXCONN 1
| #define TCPCONN 1
| #define IPv6 1
| #define HAVE_SOCKLEN_T 1
| #define HAVE_AUTHDES_CREATE 1
| #define SECURE_RPC 1
| #define LOCAL_TRANSPORT_LIST LOCAL_TRANS,UNIX_TRANS,TCP_TRANS
| #define HAVE_DLOPEN 1
| #define HAVE_DLFCN_H 1
| #define USE_DYNAMIC_XCURSOR 1
| #define HAVE_SYS_SELECT_H 1
| #define HAVE_STRTOL 1
| #define HAVE_SETEUID 1
| /* end confdefs.h.  */
| #include <stdio.h>
| #ifdef HAVE_SYS_TYPES_H
| # include <sys/types.h>
| #endif
| #ifdef HAVE_SYS_STAT_H
| # include <sys/stat.h>
| #endif
| #ifdef STDC_HEADERS
| # include <stdlib.h>
| # include <stddef.h>
| #else
| # ifdef HAVE_STDLIB_H
| #  include <stdlib.h>
| # endif
| #endif
| #ifdef HAVE_STRING_H
| # if !defined STDC_HEADERS && defined HAVE_MEMORY_H
| #  include <memory.h>
| # endif
| # include <string.h>
| #endif
| #ifdef HAVE_STRINGS_H
| # include <strings.h>
| #endif
| #ifdef HAVE_INTTYPES_H
| # include <inttypes.h>
| #endif
| #ifdef HAVE_STDINT_H
| # include <stdint.h>
| #endif
| #ifdef HAVE_UNISTD_H
| # include <unistd.h>
| #endif
| int
| main ()
| {
| #ifndef issetugid
| #ifdef __cplusplus
|   (void) issetugid;
| #else
|   (void) issetugid;
| #endif
| #endif
| 
|   ;
|   return 0;
| }
configure:19928: result: no
configure:19933: checking for issetugid
configure:19933: gcc -m64 -o conftest -pipe -O2     -I/e4coin/e4coin-0.3.1.0/depends/x86_64-pc-linux-gnu/include     -L/e4coin/e4coin-0.3.1.0/depends/x86_64-pc-linux-gnu/lib     conftest.c -ldl  >&5
/tmp/cchbd4Im.o: In function `main':
conftest.c:(.text.startup+0x7): undefined reference to `issetugid'
collect2: error: ld returned 1 exit status
configure:19933: $? = 1
configure: failed program was:
| /* confdefs.h */
| #define PACKAGE_NAME "libX11"
| #define PACKAGE_TARNAME "libX11"
| #define PACKAGE_VERSION "1.6.2"
| #define PACKAGE_STRING "libX11 1.6.2"
| #define PACKAGE_BUGREPORT "https://bugs.freedesktop.org/enter_bug.cgi?product=xorg"
| #define PACKAGE_URL ""
| #define STDC_HEADERS 1
| #define HAVE_SYS_TYPES_H 1
| #define HAVE_SYS_STAT_H 1
| #define HAVE_STDLIB_H 1
| #define HAVE_STRING_H 1
| #define HAVE_MEMORY_H 1
| #define HAVE_STRINGS_H 1
| #define HAVE_INTTYPES_H 1
| #define HAVE_STDINT_H 1
| #define HAVE_UNISTD_H 1
| #define __EXTENSIONS__ 1
| #define _ALL_SOURCE 1
| #define _GNU_SOURCE 1
| #define _POSIX_PTHREAD_SEMANTICS 1
| #define _TANDEM_SOURCE 1
| #define PACKAGE "libX11"
| #define VERSION "1.6.2"
| #define HAVE_DLFCN_H 1
| #define LT_OBJDIR ".libs/"
| #define PACKAGE_VERSION_MAJOR 1
| #define PACKAGE_VERSION_MINOR 6
| #define PACKAGE_VERSION_PATCHLEVEL 2
| #define RETSIGTYPE void
| #define UNIXCONN 1
| #define TCPCONN 1
| #define IPv6 1
| #define HAVE_SOCKLEN_T 1
| #define HAVE_AUTHDES_CREATE 1
| #define SECURE_RPC 1
| #define LOCAL_TRANSPORT_LIST LOCAL_TRANS,UNIX_TRANS,TCP_TRANS
| #define HAVE_DLOPEN 1
| #define HAVE_DLFCN_H 1
| #define USE_DYNAMIC_XCURSOR 1
| #define HAVE_SYS_SELECT_H 1
| #define HAVE_STRTOL 1
| #define HAVE_SETEUID 1
| /* end confdefs.h.  */
| /* Define issetugid to an innocuous variant, in case <limits.h> declares issetugid.
|    For example, HP-UX 11i <limits.h> declares gettimeofday.  */
| #define issetugid innocuous_issetugid
| 
| /* System header to define __stub macros and hopefully few prototypes,
|     which can conflict with char issetugid (); below.
|     Prefer <limits.h> to <assert.h> if __STDC__ is defined, since
|     <limits.h> exists even on freestanding compilers.  */
| 
| #ifdef __STDC__
| # include <limits.h>
| #else
| # include <assert.h>
| #endif
| 
| #undef issetugid
| 
| /* Override any GCC internal prototype to avoid an error.
|    Use char because int might match the return type of a GCC
|    builtin and then its argument prototype would still apply.  */
| #ifdef __cplusplus
| extern "C"
| #endif
| char issetugid ();
| /* The GNU C library defines this for functions which it implements
|     to always fail with ENOSYS.  Some functions are actually named
|     something starting with __ and the normal name is an alias.  */
| #if defined __stub_issetugid || defined __stub___issetugid
| choke me
| #endif
| 
| int
| main ()
| {
| return issetugid ();
|   ;
|   return 0;
| }
configure:19933: result: no
configure:19944: checking for getresuid
configure:19944: gcc -m64 -o conftest -pipe -O2     -I/e4coin/e4coin-0.3.1.0/depends/x86_64-pc-linux-gnu/include     -L/e4coin/e4coin-0.3.1.0/depends/x86_64-pc-linux-gnu/lib     conftest.c -ldl  >&5
configure:19944: $? = 0
configure:19944: result: yes
configure:19953: checking for shmat
configure:19953: gcc -m64 -o conftest -pipe -O2     -I/e4coin/e4coin-0.3.1.0/depends/x86_64-pc-linux-gnu/include     -L/e4coin/e4coin-0.3.1.0/depends/x86_64-pc-linux-gnu/lib     conftest.c -ldl  >&5
configure:19953: $? = 0
configure:19953: result: yes
configure:19993: checking for launchd
configure:20021: result: no
configure:20048: checking for getpwuid_r in -lc
configure:20073: gcc -m64 -o conftest -pipe -O2     -I/e4coin/e4coin-0.3.1.0/depends/x86_64-pc-linux-gnu/include     -L/e4coin/e4coin-0.3.1.0/depends/x86_64-pc-linux-gnu/lib     conftest.c -lc  -ldl  >&5
configure:20073: $? = 0
configure:20082: result: yes
configure:20107: checking for pthread_self in -lc
configure:20132: gcc -m64 -o conftest -pipe -O2     -I/e4coin/e4coin-0.3.1.0/depends/x86_64-pc-linux-gnu/include     -L/e4coin/e4coin-0.3.1.0/depends/x86_64-pc-linux-gnu/lib     conftest.c -lc  -ldl  >&5
configure:20132: $? = 0
configure:20141: result: yes
configure:20178: checking for poll
configure:20178: gcc -m64 -o conftest -pipe -O2     -I/e4coin/e4coin-0.3.1.0/depends/x86_64-pc-linux-gnu/include     -L/e4coin/e4coin-0.3.1.0/depends/x86_64-pc-linux-gnu/lib     conftest.c -ldl  >&5
configure:20178: $? = 0
configure:20178: result: yes
configure:20189: checking keysym definitions
configure:20212: result:  /e4coin/e4coin-0.3.1.0/depends/x86_64-pc-linux-gnu/include/X11/keysymdef.h /e4coin/e4coin-0.3.1.0/depends/x86_64-pc-linux-gnu/include/X11/XF86keysym.h /e4coin/e4coin-0.3.1.0/depends/x86_64-pc-linux-gnu/include/X11/Sunkeysym.h /e4coin/e4coin-0.3.1.0/depends/x86_64-pc-linux-gnu/include/X11/DECkeysym.h /e4coin/e4coin-0.3.1.0/depends/x86_64-pc-linux-gnu/include/X11/HPkeysym.h
configure:20262: checking if XLOCALEDIR support should be enabled
configure:20276: result: yes
configure:20289: checking for BIGFONT
configure:20296: $PKG_CONFIG --exists --print-errors "xf86bigfontproto >= 1.2.0"
Package xf86bigfontproto was not found in the pkg-config search path.
Perhaps you should add the directory containing `xf86bigfontproto.pc'
to the PKG_CONFIG_PATH environment variable
No package 'xf86bigfontproto' found
configure:20299: $? = 1
configure:20312: $PKG_CONFIG --exists --print-errors "xf86bigfontproto >= 1.2.0"
Package xf86bigfontproto was not found in the pkg-config search path.
Perhaps you should add the directory containing `xf86bigfontproto.pc'
to the PKG_CONFIG_PATH environment variable
No package 'xf86bigfontproto' found
configure:20315: $? = 1
No package 'xf86bigfontproto' found
configure:20342: result: no
configure:20391: checking for stdlib.h
configure:20391: result: yes
configure:20391: checking for unistd.h
configure:20391: result: yes
configure:20391: checking for sys/param.h
configure:20391: gcc -m64 -c -pipe -O2     -I/e4coin/e4coin-0.3.1.0/depends/x86_64-pc-linux-gnu/include     conftest.c >&5
configure:20391: $? = 0
configure:20391: result: yes
configure:20411: checking for getpagesize
configure:20411: gcc -m64 -o conftest -pipe -O2     -I/e4coin/e4coin-0.3.1.0/depends/x86_64-pc-linux-gnu/include     -L/e4coin/e4coin-0.3.1.0/depends/x86_64-pc-linux-gnu/lib     conftest.c -ldl  >&5
configure:20411: $? = 0
configure:20411: result: yes
configure:20420: checking for working mmap
configure:20567: gcc -m64 -o conftest -pipe -O2     -I/e4coin/e4coin-0.3.1.0/depends/x86_64-pc-linux-gnu/include     -L/e4coin/e4coin-0.3.1.0/depends/x86_64-pc-linux-gnu/lib     conftest.c -ldl  >&5
configure:20567: $? = 0
configure:20567: ./conftest
configure:20567: $? = 0
configure:20577: result: yes
configure:20587: checking for nl_langinfo
configure:20587: gcc -m64 -o conftest -pipe -O2     -I/e4coin/e4coin-0.3.1.0/depends/x86_64-pc-linux-gnu/include     -L/e4coin/e4coin-0.3.1.0/depends/x86_64-pc-linux-gnu/lib     conftest.c -ldl  >&5
configure:20587: $? = 0
configure:20587: result: yes
configure:20782: checking for X11
configure:20789: $PKG_CONFIG --exists --print-errors "$X11_REQUIRES"
configure:20792: $? = 0
configure:20805: $PKG_CONFIG --exists --print-errors "$X11_REQUIRES"
configure:20808: $? = 0
configure:20862: result: yes
configure:21004: checking whether malloc(0) returns NULL
configure:21030: gcc -m64 -o conftest -pipe -O2     -I/e4coin/e4coin-0.3.1.0/depends/x86_64-pc-linux-gnu/include     -L/e4coin/e4coin-0.3.1.0/depends/x86_64-pc-linux-gnu/lib     conftest.c -ldl  >&5
configure:21030: $? = 0
configure:21030: ./conftest
configure:21030: $? = 0
configure:21040: result: yes
configure:21169: checking that generated files are newer than configure
configure:21175: result: done
configure:21258: creating ./config.status

## ---------------------- ##
## Running config.status. ##
## ---------------------- ##

This file was extended by libX11 config.status 1.6.2, which was
generated by GNU Autoconf 2.68.  Invocation command line was

  CONFIG_FILES    = 
  CONFIG_HEADERS  = 
  CONFIG_LINKS    = 
  CONFIG_COMMANDS = 
  $ ./config.status 

on f8ff1d88761a

config.status:1276: creating Makefile
config.status:1276: creating include/Makefile
config.status:1276: creating man/Makefile
config.status:1276: creating man/xkb/Makefile
config.status:1276: creating src/Makefile
config.status:1276: creating src/util/Makefile
config.status:1276: creating src/xcms/Makefile
config.status:1276: creating src/xlibi18n/Makefile
config.status:1276: creating modules/Makefile
config.status:1276: creating modules/im/Makefile
config.status:1276: creating modules/im/ximcp/Makefile
config.status:1276: creating modules/lc/Makefile
config.status:1276: creating modules/lc/def/Makefile
config.status:1276: creating modules/lc/gen/Makefile
config.status:1276: creating modules/lc/Utf8/Makefile
config.status:1276: creating modules/lc/xlocale/Makefile
config.status:1276: creating modules/om/Makefile
config.status:1276: creating modules/om/generic/Makefile
config.status:1276: creating src/xkb/Makefile
config.status:1276: creating nls/Makefile
config.status:1276: creating specs/Makefile
config.status:1276: creating specs/i18n/Makefile
config.status:1276: creating specs/i18n/compose/Makefile
config.status:1276: creating specs/i18n/framework/Makefile
config.status:1276: creating specs/i18n/localedb/Makefile
config.status:1276: creating specs/i18n/trans/Makefile
config.status:1276: creating specs/libX11/Makefile
config.status:1276: creating specs/XIM/Makefile
config.status:1276: creating specs/XKB/Makefile
config.status:1276: creating x11.pc
config.status:1276: creating x11-xcb.pc
config.status:1276: creating src/config.h
config.status:1276: creating include/X11/XlibConf.h
config.status:1505: executing depfiles commands
config.status:1505: executing libtool commands

## ---------------- ##
## Cache variables. ##
## ---------------- ##

ac_cv_build=x86_64-unknown-linux-gnu
ac_cv_c_compiler_gnu=yes
ac_cv_env_BIGFONT_CFLAGS_set=
ac_cv_env_BIGFONT_CFLAGS_value=
ac_cv_env_BIGFONT_LIBS_set=
ac_cv_env_BIGFONT_LIBS_value=
ac_cv_env_CC_set=set
ac_cv_env_CC_value='gcc -m64'
ac_cv_env_CFLAGS_set=set
ac_cv_env_CFLAGS_value='-pipe -O2    '
ac_cv_env_CPPFLAGS_set=set
ac_cv_env_CPPFLAGS_value='-I/e4coin/e4coin-0.3.1.0/depends/x86_64-pc-linux-gnu/include    '
ac_cv_env_CPP_set=
ac_cv_env_CPP_value=
ac_cv_env_FOP_set=
ac_cv_env_FOP_value=
ac_cv_env_LDFLAGS_set=set
ac_cv_env_LDFLAGS_value='-L/e4coin/e4coin-0.3.1.0/depends/x86_64-pc-linux-gnu/lib    '
ac_cv_env_LIBS_set=
ac_cv_env_LIBS_value=
ac_cv_env_LINT_FLAGS_set=
ac_cv_env_LINT_FLAGS_value=
ac_cv_env_LINT_set=
ac_cv_env_LINT_value=
ac_cv_env_PERL_set=
ac_cv_env_PERL_value=
ac_cv_env_PKG_CONFIG_set=
ac_cv_env_PKG_CONFIG_value=
ac_cv_env_X11_CFLAGS_set=
ac_cv_env_X11_CFLAGS_value=
ac_cv_env_X11_LIBS_set=
ac_cv_env_X11_LIBS_value=
ac_cv_env_XMLTO_set=
ac_cv_env_XMLTO_value=
ac_cv_env_XSLTPROC_set=
ac_cv_env_XSLTPROC_value=
ac_cv_env_build_alias_set=
ac_cv_env_build_alias_value=
ac_cv_env_host_alias_set=set
ac_cv_env_host_alias_value=x86_64-pc-linux-gnu
ac_cv_env_target_alias_set=
ac_cv_env_target_alias_value=
ac_cv_func_authdes_create=yes
ac_cv_func_authdes_seccreate=no
ac_cv_func_getaddrinfo=yes
ac_cv_func_getpagesize=yes
ac_cv_func_getresuid=yes
ac_cv_func_issetugid=no
ac_cv_func_mmap_fixed_mapped=yes
ac_cv_func_nl_langinfo=yes
ac_cv_func_poll=yes
ac_cv_func_seteuid=yes
ac_cv_func_shmat=yes
ac_cv_func_strtol=yes
ac_cv_have_decl___INTEL_COMPILER=no
ac_cv_have_decl___SUNPRO_C=no
ac_cv_have_decl___clang__=no
ac_cv_have_decl_issetugid=no
ac_cv_header_dlfcn_h=yes
ac_cv_header_inttypes_h=yes
ac_cv_header_memory_h=yes
ac_cv_header_minix_config_h=no
ac_cv_header_stdc=yes
ac_cv_header_stdint_h=yes
ac_cv_header_stdlib_h=yes
ac_cv_header_string_h=yes
ac_cv_header_strings_h=yes
ac_cv_header_sys_param_h=yes
ac_cv_header_sys_select_h=yes
ac_cv_header_sys_stat_h=yes
ac_cv_header_sys_types_h=yes
ac_cv_header_unistd_h=yes
ac_cv_host=x86_64-pc-linux-gnu
ac_cv_lib_c_getpwuid_r=yes
ac_cv_lib_c_pthread_self=yes
ac_cv_member_struct_sockaddr_in_sin_len=no
ac_cv_objext=o
ac_cv_path_EGREP='/bin/grep -E'
ac_cv_path_FGREP='/bin/grep -F'
ac_cv_path_GREP=/bin/grep
ac_cv_path_PERL=/usr/bin/perl
ac_cv_path_PKG_CONFIG=/usr/bin/x86_64-pc-linux-gnu-pkg-config
ac_cv_path_RAWCPP=/usr/bin/cpp
ac_cv_path_SED=/bin/sed
ac_cv_path_install='/usr/bin/install -c'
ac_cv_path_mkdir=/bin/mkdir
ac_cv_prog_AR=ar
ac_cv_prog_AWK=mawk
ac_cv_prog_CC='gcc -m64'
ac_cv_prog_CPP='gcc -m64 -E'
ac_cv_prog_LAUNCHD=no
ac_cv_prog_RANLIB=ranlib
ac_cv_prog_ac_ct_OBJDUMP=objdump
ac_cv_prog_ac_ct_STRIP=strip
ac_cv_prog_cc_c89=
ac_cv_prog_cc_c99=
ac_cv_prog_cc_g=yes
ac_cv_prog_make_make_set=yes
ac_cv_safe_to_define___extensions__=yes
ac_cv_search_dlopen=-ldl
ac_cv_search_gethostbyname='none required'
ac_cv_search_getsecretkey='none required'
ac_cv_search_socket='none required'
ac_cv_type_signal=void
ac_cv_type_socklen_t=yes
am_cv_CC_dependencies_compiler_type=none
am_cv_make_support_nested_variables=yes
am_cv_prog_cc_c_o=yes
lt_cv_ar_at_file=@
lt_cv_archive_cmds_need_lc=no
lt_cv_deplibs_check_method=pass_all
lt_cv_file_magic_cmd='$MAGIC_CMD'
lt_cv_file_magic_test_file=
lt_cv_ld_reload_flag=-r
lt_cv_nm_interface='BSD nm'
lt_cv_objdir=.libs
lt_cv_path_LD=/usr/bin/ld
lt_cv_path_NM=nm
lt_cv_path_mainfest_tool=no
lt_cv_prog_compiler_c_o=yes
lt_cv_prog_compiler_pic='-fPIC -DPIC'
lt_cv_prog_compiler_pic_works=yes
lt_cv_prog_compiler_rtti_exceptions=no
lt_cv_prog_compiler_static_works=yes
lt_cv_prog_gnu_ld=yes
lt_cv_sharedlib_from_linklib_cmd='printf %s\n'
lt_cv_shlibpath_overrides_runpath=no
lt_cv_sys_global_symbol_pipe='sed -n -e '\''s/^.*[	 ]\([ABCDGIRSTW][ABCDGIRSTW]*\)[	 ][	 ]*\([_A-Za-z][_A-Za-z0-9]*\)$/\1 \2 \2/p'\'' | sed '\''/ __gnu_lto/d'\'''
lt_cv_sys_global_symbol_to_c_name_address='sed -n -e '\''s/^: \([^ ]*\)[ ]*$/  {\"\1\", (void *) 0},/p'\'' -e '\''s/^[ABCDGIRSTW]* \([^ ]*\) \([^ ]*\)$/  {"\2", (void *) \&\2},/p'\'''
lt_cv_sys_global_symbol_to_c_name_address_lib_prefix='sed -n -e '\''s/^: \([^ ]*\)[ ]*$/  {\"\1\", (void *) 0},/p'\'' -e '\''s/^[ABCDGIRSTW]* \([^ ]*\) \(lib[^ ]*\)$/  {"\2", (void *) \&\2},/p'\'' -e '\''s/^[ABCDGIRSTW]* \([^ ]*\) \([^ ]*\)$/  {"lib\2", (void *) \&\2},/p'\'''
lt_cv_sys_global_symbol_to_cdecl='sed -n -e '\''s/^T .* \(.*\)$/extern int \1();/p'\'' -e '\''s/^[ABCDGIRSTW]* .* \(.*\)$/extern char \1;/p'\'''
lt_cv_sys_max_cmd_len=1572864
lt_cv_to_host_file_cmd=func_convert_file_noop
lt_cv_to_tool_file_cmd=func_convert_file_noop
pkg_cv_X11_CFLAGS='-D_DEFAULT_SOURCE -D_BSD_SOURCE -DHAS_FCHOWN -DHAS_STICKY_DIR_BIT -I/e4coin/e4coin-0.3.1.0/depends/x86_64-pc-linux-gnu/include -I/e4coin/e4coin-0.3.1.0/depends/x86_64-pc-linux-gnu/include/xcb-shared -I/e4coin/e4coin-0.3.1.0/depends/x86_64-pc-linux-gnu/include'
pkg_cv_X11_LIBS='-L/e4coin/e4coin-0.3.1.0/depends/x86_64-pc-linux-gnu/lib -lxcb'
xorg_cv_cc_flag__Wall=yes
xorg_cv_cc_flag__Wbad_function_cast=yes
xorg_cv_cc_flag__Wcast_qual=yes
xorg_cv_cc_flag__Wdeclaration_after_statement=yes
xorg_cv_cc_flag__Werror=yes
xorg_cv_cc_flag__Werror_address=yes
xorg_cv_cc_flag__Werror_array_bounds=yes
xorg_cv_cc_flag__Werror_attributes=yes
xorg_cv_cc_flag__Werror_implicit=yes
xorg_cv_cc_flag__Werror_init_self=yes
xorg_cv_cc_flag__Werror_int_to_pointer_cast=yes
xorg_cv_cc_flag__Werror_main=yes
xorg_cv_cc_flag__Werror_missing_braces=yes
xorg_cv_cc_flag__Werror_nonnull=yes
xorg_cv_cc_flag__Werror_pointer_to_int_cast=yes
xorg_cv_cc_flag__Werror_return_type=yes
xorg_cv_cc_flag__Werror_sequence_point=yes
xorg_cv_cc_flag__Werror_trigraphs=yes
xorg_cv_cc_flag__Werror_write_strings=yes
xorg_cv_cc_flag__Wformat_2=yes
xorg_cv_cc_flag__Wmissing_declarations=yes
xorg_cv_cc_flag__Wmissing_format_attribute=yes
xorg_cv_cc_flag__Wmissing_noreturn=yes
xorg_cv_cc_flag__Wmissing_prototypes=yes
xorg_cv_cc_flag__Wnested_externs=yes
xorg_cv_cc_flag__Wold_style_definition=yes
xorg_cv_cc_flag__Wpointer_arith=yes
xorg_cv_cc_flag__Wredundant_decls=yes
xorg_cv_cc_flag__Wshadow=yes
xorg_cv_cc_flag__Wstrict_prototypes=yes
xorg_cv_cc_flag__Wuninitialized=yes
xorg_cv_cc_flag__Wunused=yes
xorg_cv_cc_flag__pedantic=yes
xorg_cv_cc_flag_unknown_warning_option=no
xorg_cv_cc_flag_unused_command_line_argument=no

## ----------------- ##
## Output variables. ##
## ----------------- ##

ACLOCAL='${SHELL} /e4coin/e4coin-0.3.1.0/depends/work/build/x86_64-pc-linux-gnu/libX11/1.6.2-2fd4de4467f/missing aclocal-1.14'
ADMIN_MAN_DIR='$(mandir)/man$(ADMIN_MAN_SUFFIX)'
ADMIN_MAN_SUFFIX='8'
AMDEPBACKSLASH=''
AMDEP_FALSE=''
AMDEP_TRUE='#'
AMTAR='$${TAR-tar}'
AM_BACKSLASH='\'
AM_DEFAULT_V='$(AM_DEFAULT_VERBOSITY)'
AM_DEFAULT_VERBOSITY='0'
AM_V='$(V)'
APP_MAN_DIR='$(mandir)/man$(APP_MAN_SUFFIX)'
APP_MAN_SUFFIX='1'
AR='ar'
AUTOCONF='${SHELL} /e4coin/e4coin-0.3.1.0/depends/work/build/x86_64-pc-linux-gnu/libX11/1.6.2-2fd4de4467f/missing autoconf'
AUTOHEADER='${SHELL} /e4coin/e4coin-0.3.1.0/depends/work/build/x86_64-pc-linux-gnu/libX11/1.6.2-2fd4de4467f/missing autoheader'
AUTOMAKE='${SHELL} /e4coin/e4coin-0.3.1.0/depends/work/build/x86_64-pc-linux-gnu/libX11/1.6.2-2fd4de4467f/missing automake-1.14'
AWK='mawk'
BASE_CFLAGS=' -Wall -Wpointer-arith -Wmissing-declarations -Wformat=2 -Wstrict-prototypes -Wmissing-prototypes -Wnested-externs -Wbad-function-cast -Wold-style-definition -Wdeclaration-after-statement -Wunused -Wuninitialized -Wshadow -Wcast-qual -Wmissing-noreturn -Wmissing-format-attribute -Wredundant-decls -Werror=implicit -Werror=nonnull -Werror=init-self -Werror=main -Werror=missing-braces -Werror=sequence-point -Werror=return-type -Werror=trigraphs -Werror=array-bounds -Werror=write-strings -Werror=address -Werror=int-to-pointer-cast -Werror=pointer-to-int-cast'
BIGFONT_CFLAGS=''
BIGFONT_LIBS=''
CC='gcc -m64'
CCDEPMODE='depmode=none'
CC_FOR_BUILD='gcc -m64'
CFLAGS='-pipe -O2    '
CFLAGS_FOR_BUILD='-pipe -O2    '
CHANGELOG_CMD='(GIT_DIR=$(top_srcdir)/.git git log > $(top_srcdir)/.changelog.tmp && mv $(top_srcdir)/.changelog.tmp $(top_srcdir)/ChangeLog) || (rm -f $(top_srcdir)/.changelog.tmp; touch $(top_srcdir)/ChangeLog; echo '\''git directory not found: installing possibly empty changelog.'\'' >&2)'
CPP='gcc -m64 -E'
CPPFLAGS='-I/e4coin/e4coin-0.3.1.0/depends/x86_64-pc-linux-gnu/include    '
CPPFLAGS_FOR_BUILD='-I/e4coin/e4coin-0.3.1.0/depends/x86_64-pc-linux-gnu/include    '
CWARNFLAGS=' -Wall -Wpointer-arith -Wmissing-declarations -Wformat=2 -Wstrict-prototypes -Wmissing-prototypes -Wnested-externs -Wbad-function-cast -Wold-style-definition -Wdeclaration-after-statement -Wunused -Wuninitialized -Wshadow -Wcast-qual -Wmissing-noreturn -Wmissing-format-attribute -Wredundant-decls -Werror=implicit -Werror=nonnull -Werror=init-self -Werror=main -Werror=missing-braces -Werror=sequence-point -Werror=return-type -Werror=trigraphs -Werror=array-bounds -Werror=write-strings -Werror=address -Werror=int-to-pointer-cast -Werror=pointer-to-int-cast -fno-strict-aliasing'
CYGPATH_W='echo'
DEFS='-DHAVE_CONFIG_H'
DEPDIR='.deps'
DLLTOOL='false'
DRIVER_MAN_DIR='$(mandir)/man$(DRIVER_MAN_SUFFIX)'
DRIVER_MAN_SUFFIX='4'
DSYMUTIL=''
DUMPBIN=''
ECHO_C=''
ECHO_N='-n'
ECHO_T=''
EGREP='/bin/grep -E'
ENABLE_SPECS_FALSE='#'
ENABLE_SPECS_TRUE=''
EXEEXT=''
FGREP='/bin/grep -F'
FILE_MAN_DIR='$(mandir)/man$(FILE_MAN_SUFFIX)'
FILE_MAN_SUFFIX='5'
FOP=''
GREP='/bin/grep'
HAVE_FOP_FALSE=''
HAVE_FOP_TRUE='#'
HAVE_PERL_FALSE='#'
HAVE_PERL_TRUE=''
HAVE_STYLESHEETS_FALSE=''
HAVE_STYLESHEETS_TRUE='#'
HAVE_XMLTO_FALSE=''
HAVE_XMLTO_TEXT_FALSE=''
HAVE_XMLTO_TEXT_TRUE='#'
HAVE_XMLTO_TRUE='#'
HAVE_XSLTPROC_FALSE=''
HAVE_XSLTPROC_TRUE='#'
I18N_MODULE_LIBS=''
INSTALL_CMD='(cp -f /INSTALL $(top_srcdir)/.INSTALL.tmp && mv $(top_srcdir)/.INSTALL.tmp $(top_srcdir)/INSTALL) || (rm -f $(top_srcdir)/.INSTALL.tmp; touch $(top_srcdir)/INSTALL; echo '\''util-macros "pkgdatadir" from xorg-macros.pc not found: installing possibly empty INSTALL.'\'' >&2)'
INSTALL_DATA='${INSTALL} -m 644'
INSTALL_PROGRAM='${INSTALL}'
INSTALL_SCRIPT='${INSTALL}'
INSTALL_STRIP_PROGRAM='$(install_sh) -c -s'
KEYSYMDEFS=' /e4coin/e4coin-0.3.1.0/depends/x86_64-pc-linux-gnu/include/X11/keysymdef.h /e4coin/e4coin-0.3.1.0/depends/x86_64-pc-linux-gnu/include/X11/XF86keysym.h /e4coin/e4coin-0.3.1.0/depends/x86_64-pc-linux-gnu/include/X11/Sunkeysym.h /e4coin/e4coin-0.3.1.0/depends/x86_64-pc-linux-gnu/include/X11/DECkeysym.h /e4coin/e4coin-0.3.1.0/depends/x86_64-pc-linux-gnu/include/X11/HPkeysym.h'
LAUNCHD='no'
LD='/usr/bin/ld -m elf_x86_64'
LDFLAGS='-L/e4coin/e4coin-0.3.1.0/depends/x86_64-pc-linux-gnu/lib    '
LDFLAGS_FOR_BUILD='-L/e4coin/e4coin-0.3.1.0/depends/x86_64-pc-linux-gnu/lib    '
LIBOBJS=''
LIBS='-ldl '
LIBTOOL='$(SHELL) $(top_builddir)/libtool'
LIB_MAN_DIR='$(mandir)/man$(LIB_MAN_SUFFIX)'
LIB_MAN_SUFFIX='3'
LINT=''
LINTLIB=''
LINT_FALSE=''
LINT_FLAGS='-badflag'
LINT_TRUE='#'
LIPO=''
LN_S='ln -s'
LTLIBOBJS=''
MAKEINFO='${SHELL} /e4coin/e4coin-0.3.1.0/depends/work/build/x86_64-pc-linux-gnu/libX11/1.6.2-2fd4de4467f/missing makeinfo'
MAKE_LINT_LIB_FALSE=''
MAKE_LINT_LIB_TRUE='#'
MALLOC_ZERO_CFLAGS='-DMALLOC_0_RETURNS_NULL'
MANIFEST_TOOL=':'
MAN_SUBSTS='	-e '\''s|__vendorversion__|"$(PACKAGE_STRING)" "$(XORG_MAN_PAGE)"|'\'' 	-e '\''s|__xorgversion__|"$(PACKAGE_STRING)" "$(XORG_MAN_PAGE)"|'\'' 	-e '\''s|__xservername__|Xorg|g'\'' 	-e '\''s|__xconfigfile__|xorg.conf|g'\'' 	-e '\''s|__projectroot__|$(prefix)|g'\'' 	-e '\''s|__apploaddir__|$(appdefaultdir)|g'\'' 	-e '\''s|__appmansuffix__|$(APP_MAN_SUFFIX)|g'\'' 	-e '\''s|__drivermansuffix__|$(DRIVER_MAN_SUFFIX)|g'\'' 	-e '\''s|__adminmansuffix__|$(ADMIN_MAN_SUFFIX)|g'\'' 	-e '\''s|__libmansuffix__|$(LIB_MAN_SUFFIX)|g'\'' 	-e '\''s|__miscmansuffix__|$(MISC_MAN_SUFFIX)|g'\'' 	-e '\''s|__filemansuffix__|$(FILE_MAN_SUFFIX)|g'\'''
MISC_MAN_DIR='$(mandir)/man$(MISC_MAN_SUFFIX)'
MISC_MAN_SUFFIX='7'
MKDIR_P='/bin/mkdir -p'
NM='nm'
NMEDIT=''
OBJDUMP='objdump'
OBJEXT='o'
OS2_FALSE=''
OS2_TRUE='#'
OTOOL64=''
OTOOL=''
PACKAGE='libX11'
PACKAGE_BUGREPORT='https://bugs.freedesktop.org/enter_bug.cgi?product=xorg'
PACKAGE_NAME='libX11'
PACKAGE_STRING='libX11 1.6.2'
PACKAGE_TARNAME='libX11'
PACKAGE_URL=''
PACKAGE_VERSION='1.6.2'
PATH_SEPARATOR=':'
PERL='/usr/bin/perl'
PKG_CONFIG='/usr/bin/x86_64-pc-linux-gnu-pkg-config'
RANLIB='ranlib'
RAWCPP='/usr/bin/cpp'
RAWCPPFLAGS='-undef -traditional'
SED='/bin/sed'
SET_MAKE=''
SHELL='/bin/bash'
STRICT_CFLAGS=' -pedantic -Werror -Werror=attributes'
STRIP='strip'
STYLESHEET_SRCDIR=''
THRSTUBS_FALSE=''
THRSTUBS_TRUE='#'
VERSION='1.6.2'
WCHAR32='1'
X11_CFLAGS='-D_DEFAULT_SOURCE -D_BSD_SOURCE -DHAS_FCHOWN -DHAS_STICKY_DIR_BIT -I/e4coin/e4coin-0.3.1.0/depends/x86_64-pc-linux-gnu/include -I/e4coin/e4coin-0.3.1.0/depends/x86_64-pc-linux-gnu/include/xcb-shared -I/e4coin/e4coin-0.3.1.0/depends/x86_64-pc-linux-gnu/include '
X11_DATADIR='/e4coin/e4coin-0.3.1.0/depends/x86_64-pc-linux-gnu/share/X11'
X11_EXTRA_DEPS='xcb >= 1.1.92'
X11_LIBDIR='/e4coin/e4coin-0.3.1.0/depends/x86_64-pc-linux-gnu/lib/X11'
X11_LIBS='-L/e4coin/e4coin-0.3.1.0/depends/x86_64-pc-linux-gnu/lib -lxcb'
X11_LOCALEDATADIR='/e4coin/e4coin-0.3.1.0/depends/x86_64-pc-linux-gnu/share/X11/locale'
X11_LOCALEDIR='/e4coin/e4coin-0.3.1.0/depends/x86_64-pc-linux-gnu/share/X11/locale'
X11_LOCALELIBDIR='/e4coin/e4coin-0.3.1.0/depends/x86_64-pc-linux-gnu/lib/X11/locale'
XCMS_FALSE='#'
XCMS_TRUE=''
XERRORDB='/e4coin/e4coin-0.3.1.0/depends/x86_64-pc-linux-gnu/share/X11/XErrorDB'
XKBPROTO_REQUIRES=''
XKB_FALSE=''
XKB_TRUE='#'
XKEYSYMDB='/e4coin/e4coin-0.3.1.0/depends/x86_64-pc-linux-gnu/share/X11/XKeysymDB'
XLIB_LOADABLE_I18N_FALSE=''
XLIB_LOADABLE_I18N_TRUE='#'
XLOCALEDATADIR='/e4coin/e4coin-0.3.1.0/depends/x86_64-pc-linux-gnu/share/X11/locale'
XLOCALEDIR='/e4coin/e4coin-0.3.1.0/depends/x86_64-pc-linux-gnu/share/X11/locale'
XLOCALELIBDIR='/e4coin/e4coin-0.3.1.0/depends/x86_64-pc-linux-gnu/lib/X11/locale'
XLOCALE_FALSE='#'
XLOCALE_TRUE=''
XMALLOC_ZERO_CFLAGS='-DMALLOC_0_RETURNS_NULL'
XMLTO=''
XORG_MAN_PAGE='X Version 11'
XORG_SGML_PATH=''
XSLTPROC=''
XSL_STYLESHEET=''
XTHREADLIB='-lpthread'
XTHREAD_CFLAGS=''
XTMALLOC_ZERO_CFLAGS='-DMALLOC_0_RETURNS_NULL -DXTMALLOC_BC'
ac_ct_AR=''
ac_ct_CC=''
ac_ct_DUMPBIN=''
am__EXEEXT_FALSE=''
am__EXEEXT_TRUE='#'
am__fastdepCC_FALSE=''
am__fastdepCC_TRUE='#'
am__include='include'
am__isrc=''
am__leading_dot='.'
am__nodep=''
am__quote=''
am__tar='$${TAR-tar} chof - "$$tardir"'
am__untar='$${TAR-tar} xf -'
bindir='${exec_prefix}/bin'
build='x86_64-unknown-linux-gnu'
build_alias=''
build_cpu='x86_64'
build_os='linux-gnu'
build_vendor='unknown'
datadir='${datarootdir}'
datarootdir='${prefix}/share'
docdir='${datarootdir}/doc/${PACKAGE_TARNAME}'
dvidir='${docdir}'
exec_prefix='${prefix}'
host='x86_64-pc-linux-gnu'
host_alias='x86_64-pc-linux-gnu'
host_cpu='x86_64'
host_os='linux-gnu'
host_vendor='pc'
htmldir='${docdir}'
includedir='${prefix}/include'
infodir='${datarootdir}/info'
install_sh='${SHELL} /e4coin/e4coin-0.3.1.0/depends/work/build/x86_64-pc-linux-gnu/libX11/1.6.2-2fd4de4467f/install-sh'
libdir='${exec_prefix}/lib'
libexecdir='${exec_prefix}/libexec'
localedir='${datarootdir}/locale'
locales=' am_ET.UTF-8  armscii-8   C           el_GR.UTF-8  en_US.UTF-8  fi_FI.UTF-8  georgian-academy         georgian-ps ibm-cp1133   iscii-dev    isiri-3342  iso8859-1    iso8859-10  iso8859-11  iso8859-13   iso8859-14   iso8859-15  iso8859-2    iso8859-3   iso8859-4   iso8859-5    iso8859-6    iso8859-7  iso8859-8    iso8859-9   iso8859-9e  ja           ja.JIS       ja_JP.UTF-8 ja.SJIS      km_KH.UTF-8 ko          koi8-c       koi8-r       koi8-u      ko_KR.UTF-8  microsoft-cp1251        microsoft-cp1255     microsoft-cp1256  mulelao-1    nokhchi-1   pt_BR.UTF-8 ru_RU.UTF-8  sr_CS.UTF-8               tatar-cyr    th_TH       th_TH.UTF-8 tscii-0      vi_VN.tcvn   vi_VN.viscii  zh_CN        zh_CN.gb18030           zh_CN.gbk    zh_CN.UTF-8  zh_HK.big5  zh_HK.big5hkscs          zh_HK.UTF-8 zh_TW        zh_TW.big5   zh_TW.UTF-8'
localstatedir='${prefix}/var'
mandir='${datarootdir}/man'
mkdir_p='$(MKDIR_P)'
oldincludedir='/usr/include'
pdfdir='${docdir}'
prefix='/e4coin/e4coin-0.3.1.0/depends/x86_64-pc-linux-gnu'
program_transform_name='s,x,x,'
psdir='${docdir}'
sbindir='${exec_prefix}/sbin'
sharedstatedir='${prefix}/com'
sysconfdir='${prefix}/etc'
target_alias=''

## ----------- ##
## confdefs.h. ##
## ----------- ##

/* confdefs.h */
#define PACKAGE_NAME "libX11"
#define PACKAGE_TARNAME "libX11"
#define PACKAGE_VERSION "1.6.2"
#define PACKAGE_STRING "libX11 1.6.2"
#define PACKAGE_BUGREPORT "https://bugs.freedesktop.org/enter_bug.cgi?product=xorg"
#define PACKAGE_URL ""
#define STDC_HEADERS 1
#define HAVE_SYS_TYPES_H 1
#define HAVE_SYS_STAT_H 1
#define HAVE_STDLIB_H 1
#define HAVE_STRING_H 1
#define HAVE_MEMORY_H 1
#define HAVE_STRINGS_H 1
#define HAVE_INTTYPES_H 1
#define HAVE_STDINT_H 1
#define HAVE_UNISTD_H 1
#define __EXTENSIONS__ 1
#define _ALL_SOURCE 1
#define _GNU_SOURCE 1
#define _POSIX_PTHREAD_SEMANTICS 1
#define _TANDEM_SOURCE 1
#define PACKAGE "libX11"
#define VERSION "1.6.2"
#define HAVE_DLFCN_H 1
#define LT_OBJDIR ".libs/"
#define PACKAGE_VERSION_MAJOR 1
#define PACKAGE_VERSION_MINOR 6
#define PACKAGE_VERSION_PATCHLEVEL 2
#define RETSIGTYPE void
#define UNIXCONN 1
#define TCPCONN 1
#define IPv6 1
#define HAVE_SOCKLEN_T 1
#define HAVE_AUTHDES_CREATE 1
#define SECURE_RPC 1
#define LOCAL_TRANSPORT_LIST LOCAL_TRANS,UNIX_TRANS,TCP_TRANS
#define HAVE_DLOPEN 1
#define HAVE_DLFCN_H 1
#define USE_DYNAMIC_XCURSOR 1
#define HAVE_SYS_SELECT_H 1
#define HAVE_STRTOL 1
#define HAVE_SETEUID 1
#define HASGETRESUID 1
#define HAS_SHM 1
#define XTHREADS 1
#define XUSE_MTSAFE_API 1
#define USE_POLL 1
#define XCMS 1
#define XLOCALE 1
#define HAVE_STDLIB_H 1
#define HAVE_UNISTD_H 1
#define HAVE_SYS_PARAM_H 1
#define HAVE_GETPAGESIZE 1
#define HAVE_MMAP 1
#define COMPOSECACHE 1
#define X11_DATADIR "/e4coin/e4coin-0.3.1.0/depends/x86_64-pc-linux-gnu/share/X11"
#define X11_LIBDIR "/e4coin/e4coin-0.3.1.0/depends/x86_64-pc-linux-gnu/lib/X11"
#define XLOCALEDATADIR "/e4coin/e4coin-0.3.1.0/depends/x86_64-pc-linux-gnu/share/X11/locale"
#define XLOCALELIBDIR "/e4coin/e4coin-0.3.1.0/depends/x86_64-pc-linux-gnu/lib/X11/locale"
#define XLOCALEDIR "/e4coin/e4coin-0.3.1.0/depends/x86_64-pc-linux-gnu/share/X11/locale"
#define XKEYSYMDB "/e4coin/e4coin-0.3.1.0/depends/x86_64-pc-linux-gnu/share/X11/XKeysymDB"
#define XERRORDB "/e4coin/e4coin-0.3.1.0/depends/x86_64-pc-linux-gnu/share/X11/XErrorDB"

configure: exit 0
